<?xml version="1.0" encoding="UTF-8"?>
<testng-results ignored="0" total="15" passed="11" failed="4" skipped="0">
  <reporter-output>
  </reporter-output>
  <suite started-at="2023-02-15T11:16:39 EST" name="Suite" finished-at="2023-02-15T11:25:05 EST" duration-ms="505666">
    <groups>
    </groups>
    <test started-at="2023-02-15T11:16:39 EST" name="FirfoxTest" finished-at="2023-02-15T11:18:59 EST" duration-ms="140162">
      <class name="parallerExcution.AirIndiaTestNG1">
        <test-method is-config="true" signature="launchBrowser(java.lang.String)[pri:0, instance:parallerExcution.AirIndiaTestNG1@42a48628]" started-at="2023-02-15T11:16:39 EST" name="launchBrowser" finished-at="2023-02-15T11:16:48 EST" duration-ms="8908" status="PASS">
          <params>
            <param index="0">
              <value>
                <![CDATA[Firefox]]>
              </value>
            </param>
          </params>
          <reporter-output>
          </reporter-output>
        </test-method> <!-- launchBrowser -->
        <test-method is-config="true" signature="creatPOMObject()[pri:0, instance:parallerExcution.AirIndiaTestNG1@42a48628]" started-at="2023-02-15T11:16:54 EST" name="creatPOMObject" finished-at="2023-02-15T11:17:43 EST" duration-ms="48500" status="PASS">
          <reporter-output>
          </reporter-output>
        </test-method> <!-- creatPOMObject -->
        <test-method is-config="true" signature="beforeMethod()[pri:0, instance:parallerExcution.AirIndiaTestNG1@42a48628]" started-at="2023-02-15T11:17:43 EST" name="beforeMethod" finished-at="2023-02-15T11:17:43 EST" duration-ms="0" status="PASS">
          <reporter-output>
          </reporter-output>
        </test-method> <!-- beforeMethod -->
        <test-method signature="AirIndiaSearchFlight1()[pri:0, instance:parallerExcution.AirIndiaTestNG1@42a48628]" started-at="2023-02-15T11:17:43 EST" name="AirIndiaSearchFlight1" finished-at="2023-02-15T11:17:47 EST" duration-ms="4372" status="PASS">
          <reporter-output>
          </reporter-output>
        </test-method> <!-- AirIndiaSearchFlight1 -->
        <test-method is-config="true" signature="afterMethod(org.testng.ITestResult)[pri:0, instance:parallerExcution.AirIndiaTestNG1@42a48628]" started-at="2023-02-15T11:17:47 EST" name="afterMethod" finished-at="2023-02-15T11:17:47 EST" duration-ms="4" status="PASS">
          <params>
            <param index="0">
              <value>
                <![CDATA[[TestResult name=AirIndiaSearchFlight1 status=SUCCESS method=AirIndiaTestNG1.AirIndiaSearchFlight1()[pri:0, instance:parallerExcution.AirIndiaTestNG1@42a48628] output={null}]]]>
              </value>
            </param>
          </params>
          <reporter-output>
          </reporter-output>
        </test-method> <!-- afterMethod -->
        <test-method is-config="true" signature="beforeMethod()[pri:0, instance:parallerExcution.AirIndiaTestNG1@42a48628]" started-at="2023-02-15T11:18:55 EST" name="beforeMethod" finished-at="2023-02-15T11:18:55 EST" duration-ms="0" status="PASS">
          <reporter-output>
          </reporter-output>
        </test-method> <!-- beforeMethod -->
        <test-method signature="FlightTimeTableCheck2()[pri:1, instance:parallerExcution.AirIndiaTestNG1@42a48628]" started-at="2023-02-15T11:18:55 EST" name="FlightTimeTableCheck2" finished-at="2023-02-15T11:18:55 EST" duration-ms="48" status="FAIL">
          <exception class="org.openqa.selenium.interactions.MoveTargetOutOfBoundsException">
            <message>
              <![CDATA[(331, -293) is out of bounds of viewport width (1280) and height (595)
Build info: version: '3.141.59', revision: 'e82be7d358', time: '2018-11-14T08:17:03'
System info: host: 'DESKTOP-0CO46H2', ip: '192.168.43.51', os.name: 'Windows 10', os.arch: 'amd64', os.version: '10.0', java.version: '18.0.2.1'
Driver info: org.openqa.selenium.firefox.FirefoxDriver
Capabilities {acceptInsecureCerts: true, browserName: firefox, browserVersion: 109.0.1, javascriptEnabled: true, moz:accessibilityChecks: false, moz:buildID: 20230127170202, moz:geckodriverVersion: 0.32.0, moz:headless: false, moz:platformVersion: 10.0, moz:processID: 15148, moz:profile: C:\Users\DELL\AppData\Local..., moz:shutdownTimeout: 60000, moz:useNonSpecCompliantPointerOrigin: false, moz:webdriverClick: true, moz:windowless: false, pageLoadStrategy: normal, platform: WINDOWS, platformName: WINDOWS, proxy: Proxy(), setWindowRect: true, strictFileInteractability: false, timeouts: {implicit: 0, pageLoad: 300000, script: 30000}, unhandledPromptBehavior: dismiss and notify}
Session ID: 6f4f495b-ec0b-40d9-9127-48fd3ca580d3]]>
            </message>
            <full-stacktrace>
              <![CDATA[org.openqa.selenium.interactions.MoveTargetOutOfBoundsException: (331, -293) is out of bounds of viewport width (1280) and height (595)
Build info: version: '3.141.59', revision: 'e82be7d358', time: '2018-11-14T08:17:03'
System info: host: 'DESKTOP-0CO46H2', ip: '192.168.43.51', os.name: 'Windows 10', os.arch: 'amd64', os.version: '10.0', java.version: '18.0.2.1'
Driver info: org.openqa.selenium.firefox.FirefoxDriver
Capabilities {acceptInsecureCerts: true, browserName: firefox, browserVersion: 109.0.1, javascriptEnabled: true, moz:accessibilityChecks: false, moz:buildID: 20230127170202, moz:geckodriverVersion: 0.32.0, moz:headless: false, moz:platformVersion: 10.0, moz:processID: 15148, moz:profile: C:\Users\DELL\AppData\Local..., moz:shutdownTimeout: 60000, moz:useNonSpecCompliantPointerOrigin: false, moz:webdriverClick: true, moz:windowless: false, pageLoadStrategy: normal, platform: WINDOWS, platformName: WINDOWS, proxy: Proxy(), setWindowRect: true, strictFileInteractability: false, timeouts: {implicit: 0, pageLoad: 300000, script: 30000}, unhandledPromptBehavior: dismiss and notify}
Session ID: 6f4f495b-ec0b-40d9-9127-48fd3ca580d3
at java.base/jdk.internal.reflect.DirectConstructorHandleAccessor.newInstance(DirectConstructorHandleAccessor.java:67)
at java.base/java.lang.reflect.Constructor.newInstanceWithCaller(Constructor.java:499)
at java.base/java.lang.reflect.Constructor.newInstance(Constructor.java:483)
at org.openqa.selenium.remote.http.W3CHttpResponseCodec.createException(W3CHttpResponseCodec.java:187)
at org.openqa.selenium.remote.http.W3CHttpResponseCodec.decode(W3CHttpResponseCodec.java:122)
at org.openqa.selenium.remote.http.W3CHttpResponseCodec.decode(W3CHttpResponseCodec.java:49)
at org.openqa.selenium.remote.HttpCommandExecutor.execute(HttpCommandExecutor.java:158)
at org.openqa.selenium.remote.service.DriverCommandExecutor.execute(DriverCommandExecutor.java:83)
at org.openqa.selenium.remote.RemoteWebDriver.execute(RemoteWebDriver.java:552)
at org.openqa.selenium.remote.RemoteWebDriver.perform(RemoteWebDriver.java:618)
at org.openqa.selenium.interactions.Actions$BuiltAction.perform(Actions.java:639)
at PomModule.AirIndia.selectManage(AirIndia.java:130)
at parallerExcution.AirIndiaTestNG1.FlightTimeTableCheck2(AirIndiaTestNG1.java:99)
at java.base/jdk.internal.reflect.DirectMethodHandleAccessor.invoke(DirectMethodHandleAccessor.java:104)
at java.base/java.lang.reflect.Method.invoke(Method.java:577)
at org.testng.internal.MethodInvocationHelper.invokeMethod(MethodInvocationHelper.java:133)
at org.testng.internal.TestInvoker.invokeMethod(TestInvoker.java:598)
at org.testng.internal.TestInvoker.invokeTestMethod(TestInvoker.java:173)
at org.testng.internal.MethodRunner.runInSequence(MethodRunner.java:46)
at org.testng.internal.TestInvoker$MethodInvocationAgent.invoke(TestInvoker.java:824)
at org.testng.internal.TestInvoker.invokeTestMethods(TestInvoker.java:146)
at org.testng.internal.TestMethodWorker.invokeTestMethods(TestMethodWorker.java:146)
at org.testng.internal.TestMethodWorker.run(TestMethodWorker.java:128)
at java.base/java.util.ArrayList.forEach(ArrayList.java:1511)
at org.testng.TestRunner.privateRun(TestRunner.java:794)
at org.testng.TestRunner.run(TestRunner.java:596)
at org.testng.SuiteRunner.runTest(SuiteRunner.java:377)
at org.testng.SuiteRunner.access$000(SuiteRunner.java:28)
at org.testng.SuiteRunner$SuiteWorker.run(SuiteRunner.java:418)
at org.testng.internal.thread.ThreadUtil.lambda$execute$0(ThreadUtil.java:64)
at java.base/java.util.concurrent.FutureTask.run(FutureTask.java:264)
at java.base/java.util.concurrent.ThreadPoolExecutor.runWorker(ThreadPoolExecutor.java:1136)
at java.base/java.util.concurrent.ThreadPoolExecutor$Worker.run(ThreadPoolExecutor.java:635)
at java.base/java.lang.Thread.run(Thread.java:833)
]]>
            </full-stacktrace>
          </exception> <!-- org.openqa.selenium.interactions.MoveTargetOutOfBoundsException -->
          <reporter-output>
          </reporter-output>
        </test-method> <!-- FlightTimeTableCheck2 -->
        <test-method is-config="true" signature="afterMethod(org.testng.ITestResult)[pri:0, instance:parallerExcution.AirIndiaTestNG1@42a48628]" started-at="2023-02-15T11:18:55 EST" name="afterMethod" finished-at="2023-02-15T11:18:56 EST" duration-ms="226" status="PASS">
          <params>
            <param index="0">
              <value>
                <![CDATA[[TestResult name=FlightTimeTableCheck2 status=FAILURE method=AirIndiaTestNG1.FlightTimeTableCheck2()[pri:1, instance:parallerExcution.AirIndiaTestNG1@42a48628] output={null}]]]>
              </value>
            </param>
          </params>
          <reporter-output>
          </reporter-output>
        </test-method> <!-- afterMethod -->
        <test-method signature="StudentConsessioanaryEligibility3()[pri:2, instance:parallerExcution.AirIndiaTestNG1@42a48628]" started-at="2023-02-15T11:18:56 EST" name="StudentConsessioanaryEligibility3" finished-at="2023-02-15T11:18:56 EST" duration-ms="23" status="FAIL">
          <exception class="org.openqa.selenium.interactions.MoveTargetOutOfBoundsException">
            <message>
              <![CDATA[(408, -293) is out of bounds of viewport width (1280) and height (595)
Build info: version: '3.141.59', revision: 'e82be7d358', time: '2018-11-14T08:17:03'
System info: host: 'DESKTOP-0CO46H2', ip: '192.168.43.51', os.name: 'Windows 10', os.arch: 'amd64', os.version: '10.0', java.version: '18.0.2.1'
Driver info: org.openqa.selenium.firefox.FirefoxDriver
Capabilities {acceptInsecureCerts: true, browserName: firefox, browserVersion: 109.0.1, javascriptEnabled: true, moz:accessibilityChecks: false, moz:buildID: 20230127170202, moz:geckodriverVersion: 0.32.0, moz:headless: false, moz:platformVersion: 10.0, moz:processID: 15148, moz:profile: C:\Users\DELL\AppData\Local..., moz:shutdownTimeout: 60000, moz:useNonSpecCompliantPointerOrigin: false, moz:webdriverClick: true, moz:windowless: false, pageLoadStrategy: normal, platform: WINDOWS, platformName: WINDOWS, proxy: Proxy(), setWindowRect: true, strictFileInteractability: false, timeouts: {implicit: 0, pageLoad: 300000, script: 30000}, unhandledPromptBehavior: dismiss and notify}
Session ID: 6f4f495b-ec0b-40d9-9127-48fd3ca580d3]]>
            </message>
            <full-stacktrace>
              <![CDATA[org.openqa.selenium.interactions.MoveTargetOutOfBoundsException: (408, -293) is out of bounds of viewport width (1280) and height (595)
Build info: version: '3.141.59', revision: 'e82be7d358', time: '2018-11-14T08:17:03'
System info: host: 'DESKTOP-0CO46H2', ip: '192.168.43.51', os.name: 'Windows 10', os.arch: 'amd64', os.version: '10.0', java.version: '18.0.2.1'
Driver info: org.openqa.selenium.firefox.FirefoxDriver
Capabilities {acceptInsecureCerts: true, browserName: firefox, browserVersion: 109.0.1, javascriptEnabled: true, moz:accessibilityChecks: false, moz:buildID: 20230127170202, moz:geckodriverVersion: 0.32.0, moz:headless: false, moz:platformVersion: 10.0, moz:processID: 15148, moz:profile: C:\Users\DELL\AppData\Local..., moz:shutdownTimeout: 60000, moz:useNonSpecCompliantPointerOrigin: false, moz:webdriverClick: true, moz:windowless: false, pageLoadStrategy: normal, platform: WINDOWS, platformName: WINDOWS, proxy: Proxy(), setWindowRect: true, strictFileInteractability: false, timeouts: {implicit: 0, pageLoad: 300000, script: 30000}, unhandledPromptBehavior: dismiss and notify}
Session ID: 6f4f495b-ec0b-40d9-9127-48fd3ca580d3
at java.base/jdk.internal.reflect.DirectConstructorHandleAccessor.newInstance(DirectConstructorHandleAccessor.java:67)
at java.base/java.lang.reflect.Constructor.newInstanceWithCaller(Constructor.java:499)
at java.base/java.lang.reflect.Constructor.newInstance(Constructor.java:483)
at org.openqa.selenium.remote.http.W3CHttpResponseCodec.createException(W3CHttpResponseCodec.java:187)
at org.openqa.selenium.remote.http.W3CHttpResponseCodec.decode(W3CHttpResponseCodec.java:122)
at org.openqa.selenium.remote.http.W3CHttpResponseCodec.decode(W3CHttpResponseCodec.java:49)
at org.openqa.selenium.remote.HttpCommandExecutor.execute(HttpCommandExecutor.java:158)
at org.openqa.selenium.remote.service.DriverCommandExecutor.execute(DriverCommandExecutor.java:83)
at org.openqa.selenium.remote.RemoteWebDriver.execute(RemoteWebDriver.java:552)
at org.openqa.selenium.remote.RemoteWebDriver.perform(RemoteWebDriver.java:618)
at org.openqa.selenium.interactions.Actions$BuiltAction.perform(Actions.java:639)
at PomModule.AirIndia.selectOffers(AirIndia.java:138)
at parallerExcution.AirIndiaTestNG1.StudentConsessioanaryEligibility3(AirIndiaTestNG1.java:127)
at java.base/jdk.internal.reflect.DirectMethodHandleAccessor.invoke(DirectMethodHandleAccessor.java:104)
at java.base/java.lang.reflect.Method.invoke(Method.java:577)
at org.testng.internal.MethodInvocationHelper.invokeMethod(MethodInvocationHelper.java:133)
at org.testng.internal.TestInvoker.invokeMethod(TestInvoker.java:598)
at org.testng.internal.TestInvoker.invokeTestMethod(TestInvoker.java:173)
at org.testng.internal.MethodRunner.runInSequence(MethodRunner.java:46)
at org.testng.internal.TestInvoker$MethodInvocationAgent.invoke(TestInvoker.java:824)
at org.testng.internal.TestInvoker.invokeTestMethods(TestInvoker.java:146)
at org.testng.internal.TestMethodWorker.invokeTestMethods(TestMethodWorker.java:146)
at org.testng.internal.TestMethodWorker.run(TestMethodWorker.java:128)
at java.base/java.util.ArrayList.forEach(ArrayList.java:1511)
at org.testng.TestRunner.privateRun(TestRunner.java:794)
at org.testng.TestRunner.run(TestRunner.java:596)
at org.testng.SuiteRunner.runTest(SuiteRunner.java:377)
at org.testng.SuiteRunner.access$000(SuiteRunner.java:28)
at org.testng.SuiteRunner$SuiteWorker.run(SuiteRunner.java:418)
at org.testng.internal.thread.ThreadUtil.lambda$execute$0(ThreadUtil.java:64)
at java.base/java.util.concurrent.FutureTask.run(FutureTask.java:264)
at java.base/java.util.concurrent.ThreadPoolExecutor.runWorker(ThreadPoolExecutor.java:1136)
at java.base/java.util.concurrent.ThreadPoolExecutor$Worker.run(ThreadPoolExecutor.java:635)
at java.base/java.lang.Thread.run(Thread.java:833)
]]>
            </full-stacktrace>
          </exception> <!-- org.openqa.selenium.interactions.MoveTargetOutOfBoundsException -->
          <reporter-output>
          </reporter-output>
        </test-method> <!-- StudentConsessioanaryEligibility3 -->
        <test-method is-config="true" signature="beforeMethod()[pri:0, instance:parallerExcution.AirIndiaTestNG1@42a48628]" started-at="2023-02-15T11:18:56 EST" name="beforeMethod" finished-at="2023-02-15T11:18:56 EST" duration-ms="0" status="PASS">
          <reporter-output>
          </reporter-output>
        </test-method> <!-- beforeMethod -->
        <test-method is-config="true" signature="afterMethod(org.testng.ITestResult)[pri:0, instance:parallerExcution.AirIndiaTestNG1@42a48628]" started-at="2023-02-15T11:18:56 EST" name="afterMethod" finished-at="2023-02-15T11:18:56 EST" duration-ms="164" status="PASS">
          <params>
            <param index="0">
              <value>
                <![CDATA[[TestResult name=StudentConsessioanaryEligibility3 status=FAILURE method=AirIndiaTestNG1.StudentConsessioanaryEligibility3()[pri:2, instance:parallerExcution.AirIndiaTestNG1@42a48628] output={null}]]]>
              </value>
            </param>
          </params>
          <reporter-output>
          </reporter-output>
        </test-method> <!-- afterMethod -->
        <test-method is-config="true" signature="afterTest()[pri:0, instance:parallerExcution.AirIndiaTestNG1@42a48628]" started-at="2023-02-15T11:18:56 EST" name="afterTest" finished-at="2023-02-15T11:18:57 EST" duration-ms="1534" status="PASS">
          <reporter-output>
          </reporter-output>
        </test-method> <!-- afterTest -->
        <test-method is-config="true" signature="afterClass()[pri:0, instance:parallerExcution.AirIndiaTestNG1@42a48628]" started-at="2023-02-15T11:18:56 EST" name="afterClass" finished-at="2023-02-15T11:18:56 EST" duration-ms="0" status="PASS">
          <reporter-output>
          </reporter-output>
        </test-method> <!-- afterClass -->
      </class> <!-- parallerExcution.AirIndiaTestNG1 -->
      <class name="parallerExcution.AirIndiaTestNG2">
        <test-method is-config="true" signature="launchBrowser(java.lang.String)[pri:0, instance:parallerExcution.AirIndiaTestNG2@293a5bf6]" started-at="2023-02-15T11:16:48 EST" name="launchBrowser" finished-at="2023-02-15T11:16:54 EST" duration-ms="6189" status="PASS">
          <params>
            <param index="0">
              <value>
                <![CDATA[Firefox]]>
              </value>
            </param>
          </params>
          <reporter-output>
          </reporter-output>
        </test-method> <!-- launchBrowser -->
        <test-method is-config="true" signature="creatPOMObjects()[pri:0, instance:parallerExcution.AirIndiaTestNG2@293a5bf6]" started-at="2023-02-15T11:17:47 EST" name="creatPOMObjects" finished-at="2023-02-15T11:18:30 EST" duration-ms="42563" status="PASS">
          <reporter-output>
          </reporter-output>
        </test-method> <!-- creatPOMObjects -->
        <test-method signature="MulticityTravling4()[pri:0, instance:parallerExcution.AirIndiaTestNG2@293a5bf6]" started-at="2023-02-15T11:18:30 EST" name="MulticityTravling4" finished-at="2023-02-15T11:18:35 EST" duration-ms="4681" status="PASS">
          <reporter-output>
          </reporter-output>
        </test-method> <!-- MulticityTravling4 -->
        <test-method is-config="true" signature="beforeMethod()[pri:0, instance:parallerExcution.AirIndiaTestNG2@293a5bf6]" started-at="2023-02-15T11:18:30 EST" name="beforeMethod" finished-at="2023-02-15T11:18:30 EST" duration-ms="0" status="PASS">
          <reporter-output>
          </reporter-output>
        </test-method> <!-- beforeMethod -->
        <test-method is-config="true" signature="afterMethod(org.testng.ITestResult)[pri:0, instance:parallerExcution.AirIndiaTestNG2@293a5bf6]" started-at="2023-02-15T11:18:35 EST" name="afterMethod" finished-at="2023-02-15T11:18:35 EST" duration-ms="47" status="PASS">
          <params>
            <param index="0">
              <value>
                <![CDATA[[TestResult name=MulticityTravling4 status=SUCCESS method=AirIndiaTestNG2.MulticityTravling4()[pri:0, instance:parallerExcution.AirIndiaTestNG2@293a5bf6] output={null}]]]>
              </value>
            </param>
          </params>
          <reporter-output>
          </reporter-output>
        </test-method> <!-- afterMethod -->
        <test-method is-config="true" signature="beforeMethod()[pri:0, instance:parallerExcution.AirIndiaTestNG2@293a5bf6]" started-at="2023-02-15T11:18:35 EST" name="beforeMethod" finished-at="2023-02-15T11:18:35 EST" duration-ms="0" status="PASS">
          <reporter-output>
          </reporter-output>
        </test-method> <!-- beforeMethod -->
        <test-method signature="AirIndiaExpress5()[pri:1, instance:parallerExcution.AirIndiaTestNG2@293a5bf6]" started-at="2023-02-15T11:18:35 EST" name="AirIndiaExpress5" finished-at="2023-02-15T11:18:55 EST" duration-ms="20798" status="FAIL">
          <exception class="org.openqa.selenium.NoSuchElementException">
            <message>
              <![CDATA[Unable to locate element: //select[@id='departureCityDrop']
For documentation on this error, please visit: https://www.seleniumhq.org/exceptions/no_such_element.html
Build info: version: '3.141.59', revision: 'e82be7d358', time: '2018-11-14T08:17:03'
System info: host: 'DESKTOP-0CO46H2', ip: '192.168.43.51', os.name: 'Windows 10', os.arch: 'amd64', os.version: '10.0', java.version: '18.0.2.1'
Driver info: org.openqa.selenium.firefox.FirefoxDriver
Capabilities {acceptInsecureCerts: true, browserName: firefox, browserVersion: 109.0.1, javascriptEnabled: true, moz:accessibilityChecks: false, moz:buildID: 20230127170202, moz:geckodriverVersion: 0.32.0, moz:headless: false, moz:platformVersion: 10.0, moz:processID: 18180, moz:profile: C:\Users\DELL\AppData\Local..., moz:shutdownTimeout: 60000, moz:useNonSpecCompliantPointerOrigin: false, moz:webdriverClick: true, moz:windowless: false, pageLoadStrategy: normal, platform: WINDOWS, platformName: WINDOWS, proxy: Proxy(), setWindowRect: true, strictFileInteractability: false, timeouts: {implicit: 0, pageLoad: 300000, script: 30000}, unhandledPromptBehavior: dismiss and notify}
Session ID: 48bf735b-ffaa-4c4a-9c75-93baddeca6d3
*** Element info: {Using=xpath, value=//select[@id='departureCityDrop']}]]>
            </message>
            <full-stacktrace>
              <![CDATA[org.openqa.selenium.NoSuchElementException: Unable to locate element: //select[@id='departureCityDrop']
For documentation on this error, please visit: https://www.seleniumhq.org/exceptions/no_such_element.html
Build info: version: '3.141.59', revision: 'e82be7d358', time: '2018-11-14T08:17:03'
System info: host: 'DESKTOP-0CO46H2', ip: '192.168.43.51', os.name: 'Windows 10', os.arch: 'amd64', os.version: '10.0', java.version: '18.0.2.1'
Driver info: org.openqa.selenium.firefox.FirefoxDriver
Capabilities {acceptInsecureCerts: true, browserName: firefox, browserVersion: 109.0.1, javascriptEnabled: true, moz:accessibilityChecks: false, moz:buildID: 20230127170202, moz:geckodriverVersion: 0.32.0, moz:headless: false, moz:platformVersion: 10.0, moz:processID: 18180, moz:profile: C:\Users\DELL\AppData\Local..., moz:shutdownTimeout: 60000, moz:useNonSpecCompliantPointerOrigin: false, moz:webdriverClick: true, moz:windowless: false, pageLoadStrategy: normal, platform: WINDOWS, platformName: WINDOWS, proxy: Proxy(), setWindowRect: true, strictFileInteractability: false, timeouts: {implicit: 0, pageLoad: 300000, script: 30000}, unhandledPromptBehavior: dismiss and notify}
Session ID: 48bf735b-ffaa-4c4a-9c75-93baddeca6d3
*** Element info: {Using=xpath, value=//select[@id='departureCityDrop']}
at java.base/jdk.internal.reflect.DirectConstructorHandleAccessor.newInstance(DirectConstructorHandleAccessor.java:67)
at java.base/java.lang.reflect.Constructor.newInstanceWithCaller(Constructor.java:499)
at java.base/java.lang.reflect.Constructor.newInstance(Constructor.java:483)
at org.openqa.selenium.remote.http.W3CHttpResponseCodec.createException(W3CHttpResponseCodec.java:187)
at org.openqa.selenium.remote.http.W3CHttpResponseCodec.decode(W3CHttpResponseCodec.java:122)
at org.openqa.selenium.remote.http.W3CHttpResponseCodec.decode(W3CHttpResponseCodec.java:49)
at org.openqa.selenium.remote.HttpCommandExecutor.execute(HttpCommandExecutor.java:158)
at org.openqa.selenium.remote.service.DriverCommandExecutor.execute(DriverCommandExecutor.java:83)
at org.openqa.selenium.remote.RemoteWebDriver.execute(RemoteWebDriver.java:552)
at org.openqa.selenium.remote.RemoteWebDriver.findElement(RemoteWebDriver.java:323)
at org.openqa.selenium.remote.RemoteWebDriver.findElementByXPath(RemoteWebDriver.java:428)
at org.openqa.selenium.By$ByXPath.findElement(By.java:353)
at org.openqa.selenium.remote.RemoteWebDriver.findElement(RemoteWebDriver.java:315)
at org.openqa.selenium.support.pagefactory.DefaultElementLocator.findElement(DefaultElementLocator.java:69)
at org.openqa.selenium.support.pagefactory.internal.LocatingElementHandler.invoke(LocatingElementHandler.java:38)
at jdk.proxy2/jdk.proxy2.$Proxy17.getTagName(Unknown Source)
at org.openqa.selenium.support.ui.Select.<init>(Select.java:45)
at PomModule.LowCostAirlineInIndia.selectDepartureAiport(LowCostAirlineInIndia.java:35)
at parallerExcution.AirIndiaTestNG2.AirIndiaExpress5(AirIndiaTestNG2.java:106)
at java.base/jdk.internal.reflect.DirectMethodHandleAccessor.invoke(DirectMethodHandleAccessor.java:104)
at java.base/java.lang.reflect.Method.invoke(Method.java:577)
at org.testng.internal.MethodInvocationHelper.invokeMethod(MethodInvocationHelper.java:133)
at org.testng.internal.TestInvoker.invokeMethod(TestInvoker.java:598)
at org.testng.internal.TestInvoker.invokeTestMethod(TestInvoker.java:173)
at org.testng.internal.MethodRunner.runInSequence(MethodRunner.java:46)
at org.testng.internal.TestInvoker$MethodInvocationAgent.invoke(TestInvoker.java:824)
at org.testng.internal.TestInvoker.invokeTestMethods(TestInvoker.java:146)
at org.testng.internal.TestMethodWorker.invokeTestMethods(TestMethodWorker.java:146)
at org.testng.internal.TestMethodWorker.run(TestMethodWorker.java:128)
at java.base/java.util.ArrayList.forEach(ArrayList.java:1511)
at org.testng.TestRunner.privateRun(TestRunner.java:794)
at org.testng.TestRunner.run(TestRunner.java:596)
at org.testng.SuiteRunner.runTest(SuiteRunner.java:377)
at org.testng.SuiteRunner.access$000(SuiteRunner.java:28)
at org.testng.SuiteRunner$SuiteWorker.run(SuiteRunner.java:418)
at org.testng.internal.thread.ThreadUtil.lambda$execute$0(ThreadUtil.java:64)
at java.base/java.util.concurrent.FutureTask.run(FutureTask.java:264)
at java.base/java.util.concurrent.ThreadPoolExecutor.runWorker(ThreadPoolExecutor.java:1136)
at java.base/java.util.concurrent.ThreadPoolExecutor$Worker.run(ThreadPoolExecutor.java:635)
at java.base/java.lang.Thread.run(Thread.java:833)
]]>
            </full-stacktrace>
          </exception> <!-- org.openqa.selenium.NoSuchElementException -->
          <reporter-output>
          </reporter-output>
        </test-method> <!-- AirIndiaExpress5 -->
        <test-method is-config="true" signature="afterMethod(org.testng.ITestResult)[pri:0, instance:parallerExcution.AirIndiaTestNG2@293a5bf6]" started-at="2023-02-15T11:18:55 EST" name="afterMethod" finished-at="2023-02-15T11:18:55 EST" duration-ms="90" status="PASS">
          <params>
            <param index="0">
              <value>
                <![CDATA[[TestResult name=AirIndiaExpress5 status=FAILURE method=AirIndiaTestNG2.AirIndiaExpress5()[pri:1, instance:parallerExcution.AirIndiaTestNG2@293a5bf6] output={null}]]]>
              </value>
            </param>
          </params>
          <reporter-output>
          </reporter-output>
        </test-method> <!-- afterMethod -->
        <test-method is-config="true" signature="afterClass()[pri:0, instance:parallerExcution.AirIndiaTestNG2@293a5bf6]" started-at="2023-02-15T11:18:55 EST" name="afterClass" finished-at="2023-02-15T11:18:55 EST" duration-ms="0" status="PASS">
          <reporter-output>
          </reporter-output>
        </test-method> <!-- afterClass -->
        <test-method is-config="true" signature="afterTest()[pri:0, instance:parallerExcution.AirIndiaTestNG2@293a5bf6]" started-at="2023-02-15T11:18:57 EST" name="afterTest" finished-at="2023-02-15T11:18:59 EST" duration-ms="1978" status="PASS">
          <reporter-output>
          </reporter-output>
        </test-method> <!-- afterTest -->
      </class> <!-- parallerExcution.AirIndiaTestNG2 -->
    </test> <!-- FirfoxTest -->
    <test started-at="2023-02-15T11:16:39 EST" name="EdgeTest" finished-at="2023-02-15T11:24:40 EST" duration-ms="481191">
      <class name="parallerExcution.AirIndiaTestNG1">
        <test-method is-config="true" signature="launchBrowser(java.lang.String)[pri:0, instance:parallerExcution.AirIndiaTestNG1@3c19aaa5]" started-at="2023-02-15T11:16:39 EST" name="launchBrowser" finished-at="2023-02-15T11:16:44 EST" duration-ms="4579" status="PASS">
          <params>
            <param index="0">
              <value>
                <![CDATA[edge]]>
              </value>
            </param>
          </params>
          <reporter-output>
          </reporter-output>
        </test-method> <!-- launchBrowser -->
        <test-method is-config="true" signature="creatPOMObject()[pri:0, instance:parallerExcution.AirIndiaTestNG1@3c19aaa5]" started-at="2023-02-15T11:16:48 EST" name="creatPOMObject" finished-at="2023-02-15T11:17:38 EST" duration-ms="50090" status="PASS">
          <reporter-output>
          </reporter-output>
        </test-method> <!-- creatPOMObject -->
        <test-method is-config="true" signature="beforeMethod()[pri:0, instance:parallerExcution.AirIndiaTestNG1@3c19aaa5]" started-at="2023-02-15T11:17:38 EST" name="beforeMethod" finished-at="2023-02-15T11:17:38 EST" duration-ms="1" status="PASS">
          <reporter-output>
          </reporter-output>
        </test-method> <!-- beforeMethod -->
        <test-method signature="AirIndiaSearchFlight1()[pri:0, instance:parallerExcution.AirIndiaTestNG1@3c19aaa5]" started-at="2023-02-15T11:17:38 EST" name="AirIndiaSearchFlight1" finished-at="2023-02-15T11:17:56 EST" duration-ms="18057" status="PASS">
          <reporter-output>
          </reporter-output>
        </test-method> <!-- AirIndiaSearchFlight1 -->
        <test-method is-config="true" signature="afterMethod(org.testng.ITestResult)[pri:0, instance:parallerExcution.AirIndiaTestNG1@3c19aaa5]" started-at="2023-02-15T11:17:56 EST" name="afterMethod" finished-at="2023-02-15T11:17:56 EST" duration-ms="0" status="PASS">
          <params>
            <param index="0">
              <value>
                <![CDATA[[TestResult name=AirIndiaSearchFlight1 status=SUCCESS method=AirIndiaTestNG1.AirIndiaSearchFlight1()[pri:0, instance:parallerExcution.AirIndiaTestNG1@3c19aaa5] output={null}]]]>
              </value>
            </param>
          </params>
          <reporter-output>
          </reporter-output>
        </test-method> <!-- afterMethod -->
        <test-method is-config="true" signature="beforeMethod()[pri:0, instance:parallerExcution.AirIndiaTestNG1@3c19aaa5]" started-at="2023-02-15T11:24:03 EST" name="beforeMethod" finished-at="2023-02-15T11:24:03 EST" duration-ms="0" status="PASS">
          <reporter-output>
          </reporter-output>
        </test-method> <!-- beforeMethod -->
        <test-method signature="FlightTimeTableCheck2()[pri:1, instance:parallerExcution.AirIndiaTestNG1@3c19aaa5]" started-at="2023-02-15T11:24:03 EST" name="FlightTimeTableCheck2" finished-at="2023-02-15T11:24:23 EST" duration-ms="19189" status="PASS">
          <reporter-output>
          </reporter-output>
        </test-method> <!-- FlightTimeTableCheck2 -->
        <test-method is-config="true" signature="afterMethod(org.testng.ITestResult)[pri:0, instance:parallerExcution.AirIndiaTestNG1@3c19aaa5]" started-at="2023-02-15T11:24:23 EST" name="afterMethod" finished-at="2023-02-15T11:24:23 EST" duration-ms="1" status="PASS">
          <params>
            <param index="0">
              <value>
                <![CDATA[[TestResult name=FlightTimeTableCheck2 status=SUCCESS method=AirIndiaTestNG1.FlightTimeTableCheck2()[pri:1, instance:parallerExcution.AirIndiaTestNG1@3c19aaa5] output={null}]]]>
              </value>
            </param>
          </params>
          <reporter-output>
          </reporter-output>
        </test-method> <!-- afterMethod -->
        <test-method is-config="true" signature="beforeMethod()[pri:0, instance:parallerExcution.AirIndiaTestNG1@3c19aaa5]" started-at="2023-02-15T11:24:23 EST" name="beforeMethod" finished-at="2023-02-15T11:24:23 EST" duration-ms="1" status="PASS">
          <reporter-output>
          </reporter-output>
        </test-method> <!-- beforeMethod -->
        <test-method signature="StudentConsessioanaryEligibility3()[pri:2, instance:parallerExcution.AirIndiaTestNG1@3c19aaa5]" started-at="2023-02-15T11:24:23 EST" name="StudentConsessioanaryEligibility3" finished-at="2023-02-15T11:24:40 EST" duration-ms="17054" status="PASS">
          <reporter-output>
          </reporter-output>
        </test-method> <!-- StudentConsessioanaryEligibility3 -->
        <test-method is-config="true" signature="afterMethod(org.testng.ITestResult)[pri:0, instance:parallerExcution.AirIndiaTestNG1@3c19aaa5]" started-at="2023-02-15T11:24:40 EST" name="afterMethod" finished-at="2023-02-15T11:24:40 EST" duration-ms="1" status="PASS">
          <params>
            <param index="0">
              <value>
                <![CDATA[[TestResult name=StudentConsessioanaryEligibility3 status=SUCCESS method=AirIndiaTestNG1.StudentConsessioanaryEligibility3()[pri:2, instance:parallerExcution.AirIndiaTestNG1@3c19aaa5] output={null}]]]>
              </value>
            </param>
          </params>
          <reporter-output>
          </reporter-output>
        </test-method> <!-- afterMethod -->
        <test-method is-config="true" signature="afterTest()[pri:0, instance:parallerExcution.AirIndiaTestNG1@3c19aaa5]" started-at="2023-02-15T11:24:40 EST" name="afterTest" finished-at="2023-02-15T11:24:40 EST" duration-ms="331" status="PASS">
          <reporter-output>
          </reporter-output>
        </test-method> <!-- afterTest -->
        <test-method is-config="true" signature="afterClass()[pri:0, instance:parallerExcution.AirIndiaTestNG1@3c19aaa5]" started-at="2023-02-15T11:24:40 EST" name="afterClass" finished-at="2023-02-15T11:24:40 EST" duration-ms="0" status="PASS">
          <reporter-output>
          </reporter-output>
        </test-method> <!-- afterClass -->
      </class> <!-- parallerExcution.AirIndiaTestNG1 -->
      <class name="parallerExcution.AirIndiaTestNG2">
        <test-method is-config="true" signature="launchBrowser(java.lang.String)[pri:0, instance:parallerExcution.AirIndiaTestNG2@3349e9bb]" started-at="2023-02-15T11:16:44 EST" name="launchBrowser" finished-at="2023-02-15T11:16:48 EST" duration-ms="4365" status="PASS">
          <params>
            <param index="0">
              <value>
                <![CDATA[edge]]>
              </value>
            </param>
          </params>
          <reporter-output>
          </reporter-output>
        </test-method> <!-- launchBrowser -->
        <test-method is-config="true" signature="creatPOMObjects()[pri:0, instance:parallerExcution.AirIndiaTestNG2@3349e9bb]" started-at="2023-02-15T11:17:56 EST" name="creatPOMObjects" finished-at="2023-02-15T11:18:35 EST" duration-ms="39008" status="PASS">
          <reporter-output>
          </reporter-output>
        </test-method> <!-- creatPOMObjects -->
        <test-method is-config="true" signature="beforeMethod()[pri:0, instance:parallerExcution.AirIndiaTestNG2@3349e9bb]" started-at="2023-02-15T11:18:35 EST" name="beforeMethod" finished-at="2023-02-15T11:18:35 EST" duration-ms="1" status="PASS">
          <reporter-output>
          </reporter-output>
        </test-method> <!-- beforeMethod -->
        <test-method signature="MulticityTravling4()[pri:0, instance:parallerExcution.AirIndiaTestNG2@3349e9bb]" started-at="2023-02-15T11:18:35 EST" name="MulticityTravling4" finished-at="2023-02-15T11:19:02 EST" duration-ms="26362" status="PASS">
          <reporter-output>
          </reporter-output>
        </test-method> <!-- MulticityTravling4 -->
        <test-method is-config="true" signature="afterMethod(org.testng.ITestResult)[pri:0, instance:parallerExcution.AirIndiaTestNG2@3349e9bb]" started-at="2023-02-15T11:19:02 EST" name="afterMethod" finished-at="2023-02-15T11:19:02 EST" duration-ms="101" status="PASS">
          <params>
            <param index="0">
              <value>
                <![CDATA[[TestResult name=MulticityTravling4 status=SUCCESS method=AirIndiaTestNG2.MulticityTravling4()[pri:0, instance:parallerExcution.AirIndiaTestNG2@3349e9bb] output={null}]]]>
              </value>
            </param>
          </params>
          <reporter-output>
          </reporter-output>
        </test-method> <!-- afterMethod -->
        <test-method signature="AirIndiaExpress5()[pri:1, instance:parallerExcution.AirIndiaTestNG2@3349e9bb]" started-at="2023-02-15T11:19:02 EST" name="AirIndiaExpress5" finished-at="2023-02-15T11:24:03 EST" duration-ms="300706" status="FAIL">
          <exception class="org.openqa.selenium.TimeoutException">
            <message>
              <![CDATA[timeout: Timed out receiving message from renderer: 300.000
  (Session info: MicrosoftEdge=109.0.1518.78)
Build info: version: '3.141.59', revision: 'e82be7d358', time: '2018-11-14T08:17:03'
System info: host: 'DESKTOP-0CO46H2', ip: '192.168.43.51', os.name: 'Windows 10', os.arch: 'amd64', os.version: '10.0', java.version: '18.0.2.1'
Driver info: org.openqa.selenium.edge.EdgeDriver
Capabilities {acceptInsecureCerts: false, browserName: msedge, browserVersion: 109.0.1518.78, javascriptEnabled: true, ms:edgeOptions: {debuggerAddress: localhost:58513}, msedge: {msedgedriverVersion: 109.0.1518.78 (4e4b32c38163..., userDataDir: C:\Users\DELL\AppData\Local...}, networkConnectionEnabled: false, pageLoadStrategy: normal, platform: WINDOWS, platformName: WINDOWS, proxy: Proxy(), setWindowRect: true, strictFileInteractability: false, timeouts: {implicit: 0, pageLoad: 300000, script: 30000}, unhandledPromptBehavior: dismiss and notify, webauthn:extension:credBlob: true, webauthn:extension:largeBlob: true, webauthn:virtualAuthenticators: true}
Session ID: db3f60c952392048442f12a926de3703]]>
            </message>
            <full-stacktrace>
              <![CDATA[org.openqa.selenium.TimeoutException: timeout: Timed out receiving message from renderer: 300.000
  (Session info: MicrosoftEdge=109.0.1518.78)
Build info: version: '3.141.59', revision: 'e82be7d358', time: '2018-11-14T08:17:03'
System info: host: 'DESKTOP-0CO46H2', ip: '192.168.43.51', os.name: 'Windows 10', os.arch: 'amd64', os.version: '10.0', java.version: '18.0.2.1'
Driver info: org.openqa.selenium.edge.EdgeDriver
Capabilities {acceptInsecureCerts: false, browserName: msedge, browserVersion: 109.0.1518.78, javascriptEnabled: true, ms:edgeOptions: {debuggerAddress: localhost:58513}, msedge: {msedgedriverVersion: 109.0.1518.78 (4e4b32c38163..., userDataDir: C:\Users\DELL\AppData\Local...}, networkConnectionEnabled: false, pageLoadStrategy: normal, platform: WINDOWS, platformName: WINDOWS, proxy: Proxy(), setWindowRect: true, strictFileInteractability: false, timeouts: {implicit: 0, pageLoad: 300000, script: 30000}, unhandledPromptBehavior: dismiss and notify, webauthn:extension:credBlob: true, webauthn:extension:largeBlob: true, webauthn:virtualAuthenticators: true}
Session ID: db3f60c952392048442f12a926de3703
at java.base/jdk.internal.reflect.DirectConstructorHandleAccessor.newInstance(DirectConstructorHandleAccessor.java:67)
at java.base/java.lang.reflect.Constructor.newInstanceWithCaller(Constructor.java:499)
at java.base/java.lang.reflect.Constructor.newInstance(Constructor.java:483)
at org.openqa.selenium.remote.http.W3CHttpResponseCodec.createException(W3CHttpResponseCodec.java:187)
at org.openqa.selenium.remote.http.W3CHttpResponseCodec.decode(W3CHttpResponseCodec.java:122)
at org.openqa.selenium.remote.http.W3CHttpResponseCodec.decode(W3CHttpResponseCodec.java:49)
at org.openqa.selenium.remote.HttpCommandExecutor.execute(HttpCommandExecutor.java:158)
at org.openqa.selenium.remote.service.DriverCommandExecutor.execute(DriverCommandExecutor.java:83)
at org.openqa.selenium.remote.RemoteWebDriver.execute(RemoteWebDriver.java:552)
at org.openqa.selenium.remote.RemoteWebElement.execute(RemoteWebElement.java:285)
at org.openqa.selenium.remote.RemoteWebElement.click(RemoteWebElement.java:84)
at java.base/jdk.internal.reflect.DirectMethodHandleAccessor.invoke(DirectMethodHandleAccessor.java:104)
at java.base/java.lang.reflect.Method.invoke(Method.java:577)
at org.openqa.selenium.support.pagefactory.internal.LocatingElementHandler.invoke(LocatingElementHandler.java:51)
at jdk.proxy2/jdk.proxy2.$Proxy17.click(Unknown Source)
at PomModule.AirIndia.clickAirIndiaExpress(AirIndia.java:148)
at parallerExcution.AirIndiaTestNG2.AirIndiaExpress5(AirIndiaTestNG2.java:105)
at java.base/jdk.internal.reflect.DirectMethodHandleAccessor.invoke(DirectMethodHandleAccessor.java:104)
at java.base/java.lang.reflect.Method.invoke(Method.java:577)
at org.testng.internal.MethodInvocationHelper.invokeMethod(MethodInvocationHelper.java:133)
at org.testng.internal.TestInvoker.invokeMethod(TestInvoker.java:598)
at org.testng.internal.TestInvoker.invokeTestMethod(TestInvoker.java:173)
at org.testng.internal.MethodRunner.runInSequence(MethodRunner.java:46)
at org.testng.internal.TestInvoker$MethodInvocationAgent.invoke(TestInvoker.java:824)
at org.testng.internal.TestInvoker.invokeTestMethods(TestInvoker.java:146)
at org.testng.internal.TestMethodWorker.invokeTestMethods(TestMethodWorker.java:146)
at org.testng.internal.TestMethodWorker.run(TestMethodWorker.java:128)
at java.base/java.util.ArrayList.forEach(ArrayList.java:1511)
at org.testng.TestRunner.privateRun(TestRunner.java:794)
at org.testng.TestRunner.run(TestRunner.java:596)
at org.testng.SuiteRunner.runTest(SuiteRunner.java:377)
at org.testng.SuiteRunner.access$000(SuiteRunner.java:28)
at org.testng.SuiteRunner$SuiteWorker.run(SuiteRunner.java:418)
at org.testng.internal.thread.ThreadUtil.lambda$execute$0(ThreadUtil.java:64)
at java.base/java.util.concurrent.FutureTask.run(FutureTask.java:264)
at java.base/java.util.concurrent.ThreadPoolExecutor.runWorker(ThreadPoolExecutor.java:1136)
at java.base/java.util.concurrent.ThreadPoolExecutor$Worker.run(ThreadPoolExecutor.java:635)
at java.base/java.lang.Thread.run(Thread.java:833)
]]>
            </full-stacktrace>
          </exception> <!-- org.openqa.selenium.TimeoutException -->
          <reporter-output>
          </reporter-output>
        </test-method> <!-- AirIndiaExpress5 -->
        <test-method is-config="true" signature="beforeMethod()[pri:0, instance:parallerExcution.AirIndiaTestNG2@3349e9bb]" started-at="2023-02-15T11:19:02 EST" name="beforeMethod" finished-at="2023-02-15T11:19:02 EST" duration-ms="0" status="PASS">
          <reporter-output>
          </reporter-output>
        </test-method> <!-- beforeMethod -->
        <test-method is-config="true" signature="afterMethod(org.testng.ITestResult)[pri:0, instance:parallerExcution.AirIndiaTestNG2@3349e9bb]" started-at="2023-02-15T11:24:03 EST" name="afterMethod" finished-at="2023-02-15T11:24:03 EST" duration-ms="769" status="PASS">
          <params>
            <param index="0">
              <value>
                <![CDATA[[TestResult name=AirIndiaExpress5 status=FAILURE method=AirIndiaTestNG2.AirIndiaExpress5()[pri:1, instance:parallerExcution.AirIndiaTestNG2@3349e9bb] output={null}]]]>
              </value>
            </param>
          </params>
          <reporter-output>
          </reporter-output>
        </test-method> <!-- afterMethod -->
        <test-method is-config="true" signature="afterClass()[pri:0, instance:parallerExcution.AirIndiaTestNG2@3349e9bb]" started-at="2023-02-15T11:24:03 EST" name="afterClass" finished-at="2023-02-15T11:24:03 EST" duration-ms="0" status="PASS">
          <reporter-output>
          </reporter-output>
        </test-method> <!-- afterClass -->
        <test-method is-config="true" signature="afterTest()[pri:0, instance:parallerExcution.AirIndiaTestNG2@3349e9bb]" started-at="2023-02-15T11:24:40 EST" name="afterTest" finished-at="2023-02-15T11:24:40 EST" duration-ms="528" status="PASS">
          <reporter-output>
          </reporter-output>
        </test-method> <!-- afterTest -->
      </class> <!-- parallerExcution.AirIndiaTestNG2 -->
    </test> <!-- EdgeTest -->
    <test started-at="2023-02-15T11:16:39 EST" name="ChromeTest" finished-at="2023-02-15T11:25:05 EST" duration-ms="505666">
      <class name="parallerExcution.AirIndiaTestNG1">
        <test-method is-config="true" signature="launchBrowser(java.lang.String)[pri:0, instance:parallerExcution.AirIndiaTestNG1@4fb61f4a]" started-at="2023-02-15T11:16:39 EST" name="launchBrowser" finished-at="2023-02-15T11:16:42 EST" duration-ms="2376" status="PASS">
          <params>
            <param index="0">
              <value>
                <![CDATA[chrome]]>
              </value>
            </param>
          </params>
          <reporter-output>
          </reporter-output>
        </test-method> <!-- launchBrowser -->
        <test-method is-config="true" signature="creatPOMObject()[pri:0, instance:parallerExcution.AirIndiaTestNG1@4fb61f4a]" started-at="2023-02-15T11:16:44 EST" name="creatPOMObject" finished-at="2023-02-15T11:17:40 EST" duration-ms="55586" status="PASS">
          <reporter-output>
          </reporter-output>
        </test-method> <!-- creatPOMObject -->
        <test-method is-config="true" signature="beforeMethod()[pri:0, instance:parallerExcution.AirIndiaTestNG1@4fb61f4a]" started-at="2023-02-15T11:17:40 EST" name="beforeMethod" finished-at="2023-02-15T11:17:40 EST" duration-ms="0" status="PASS">
          <reporter-output>
          </reporter-output>
        </test-method> <!-- beforeMethod -->
        <test-method signature="AirIndiaSearchFlight1()[pri:0, instance:parallerExcution.AirIndiaTestNG1@4fb61f4a]" started-at="2023-02-15T11:17:40 EST" name="AirIndiaSearchFlight1" finished-at="2023-02-15T11:17:59 EST" duration-ms="18959" status="PASS">
          <reporter-output>
          </reporter-output>
        </test-method> <!-- AirIndiaSearchFlight1 -->
        <test-method is-config="true" signature="afterMethod(org.testng.ITestResult)[pri:0, instance:parallerExcution.AirIndiaTestNG1@4fb61f4a]" started-at="2023-02-15T11:17:59 EST" name="afterMethod" finished-at="2023-02-15T11:17:59 EST" duration-ms="0" status="PASS">
          <params>
            <param index="0">
              <value>
                <![CDATA[[TestResult name=AirIndiaSearchFlight1 status=SUCCESS method=AirIndiaTestNG1.AirIndiaSearchFlight1()[pri:0, instance:parallerExcution.AirIndiaTestNG1@4fb61f4a] output={null}]]]>
              </value>
            </param>
          </params>
          <reporter-output>
          </reporter-output>
        </test-method> <!-- afterMethod -->
        <test-method is-config="true" signature="beforeMethod()[pri:0, instance:parallerExcution.AirIndiaTestNG1@4fb61f4a]" started-at="2023-02-15T11:24:18 EST" name="beforeMethod" finished-at="2023-02-15T11:24:18 EST" duration-ms="0" status="PASS">
          <reporter-output>
          </reporter-output>
        </test-method> <!-- beforeMethod -->
        <test-method signature="FlightTimeTableCheck2()[pri:1, instance:parallerExcution.AirIndiaTestNG1@4fb61f4a]" started-at="2023-02-15T11:24:18 EST" name="FlightTimeTableCheck2" finished-at="2023-02-15T11:24:39 EST" duration-ms="21066" status="PASS">
          <reporter-output>
          </reporter-output>
        </test-method> <!-- FlightTimeTableCheck2 -->
        <test-method is-config="true" signature="afterMethod(org.testng.ITestResult)[pri:0, instance:parallerExcution.AirIndiaTestNG1@4fb61f4a]" started-at="2023-02-15T11:24:39 EST" name="afterMethod" finished-at="2023-02-15T11:24:39 EST" duration-ms="0" status="PASS">
          <params>
            <param index="0">
              <value>
                <![CDATA[[TestResult name=FlightTimeTableCheck2 status=SUCCESS method=AirIndiaTestNG1.FlightTimeTableCheck2()[pri:1, instance:parallerExcution.AirIndiaTestNG1@4fb61f4a] output={null}]]]>
              </value>
            </param>
          </params>
          <reporter-output>
          </reporter-output>
        </test-method> <!-- afterMethod -->
        <test-method signature="StudentConsessioanaryEligibility3()[pri:2, instance:parallerExcution.AirIndiaTestNG1@4fb61f4a]" started-at="2023-02-15T11:24:39 EST" name="StudentConsessioanaryEligibility3" finished-at="2023-02-15T11:25:04 EST" duration-ms="24988" status="PASS">
          <reporter-output>
          </reporter-output>
        </test-method> <!-- StudentConsessioanaryEligibility3 -->
        <test-method is-config="true" signature="beforeMethod()[pri:0, instance:parallerExcution.AirIndiaTestNG1@4fb61f4a]" started-at="2023-02-15T11:24:39 EST" name="beforeMethod" finished-at="2023-02-15T11:24:39 EST" duration-ms="0" status="PASS">
          <reporter-output>
          </reporter-output>
        </test-method> <!-- beforeMethod -->
        <test-method is-config="true" signature="afterClass()[pri:0, instance:parallerExcution.AirIndiaTestNG1@4fb61f4a]" started-at="2023-02-15T11:25:04 EST" name="afterClass" finished-at="2023-02-15T11:25:04 EST" duration-ms="1" status="PASS">
          <reporter-output>
          </reporter-output>
        </test-method> <!-- afterClass -->
        <test-method is-config="true" signature="afterMethod(org.testng.ITestResult)[pri:0, instance:parallerExcution.AirIndiaTestNG1@4fb61f4a]" started-at="2023-02-15T11:25:04 EST" name="afterMethod" finished-at="2023-02-15T11:25:04 EST" duration-ms="0" status="PASS">
          <params>
            <param index="0">
              <value>
                <![CDATA[[TestResult name=StudentConsessioanaryEligibility3 status=SUCCESS method=AirIndiaTestNG1.StudentConsessioanaryEligibility3()[pri:2, instance:parallerExcution.AirIndiaTestNG1@4fb61f4a] output={null}]]]>
              </value>
            </param>
          </params>
          <reporter-output>
          </reporter-output>
        </test-method> <!-- afterMethod -->
        <test-method is-config="true" signature="afterTest()[pri:0, instance:parallerExcution.AirIndiaTestNG1@4fb61f4a]" started-at="2023-02-15T11:25:04 EST" name="afterTest" finished-at="2023-02-15T11:25:05 EST" duration-ms="282" status="PASS">
          <reporter-output>
          </reporter-output>
        </test-method> <!-- afterTest -->
      </class> <!-- parallerExcution.AirIndiaTestNG1 -->
      <class name="parallerExcution.AirIndiaTestNG2">
        <test-method is-config="true" signature="launchBrowser(java.lang.String)[pri:0, instance:parallerExcution.AirIndiaTestNG2@9f116cc]" started-at="2023-02-15T11:16:42 EST" name="launchBrowser" finished-at="2023-02-15T11:16:44 EST" duration-ms="2444" status="PASS">
          <params>
            <param index="0">
              <value>
                <![CDATA[chrome]]>
              </value>
            </param>
          </params>
          <reporter-output>
          </reporter-output>
        </test-method> <!-- launchBrowser -->
        <test-method is-config="true" signature="creatPOMObjects()[pri:0, instance:parallerExcution.AirIndiaTestNG2@9f116cc]" started-at="2023-02-15T11:17:59 EST" name="creatPOMObjects" finished-at="2023-02-15T11:18:39 EST" duration-ms="40322" status="PASS">
          <reporter-output>
          </reporter-output>
        </test-method> <!-- creatPOMObjects -->
        <test-method signature="MulticityTravling4()[pri:0, instance:parallerExcution.AirIndiaTestNG2@9f116cc]" started-at="2023-02-15T11:18:39 EST" name="MulticityTravling4" finished-at="2023-02-15T11:19:01 EST" duration-ms="22313" status="PASS">
          <reporter-output>
          </reporter-output>
        </test-method> <!-- MulticityTravling4 -->
        <test-method is-config="true" signature="beforeMethod()[pri:0, instance:parallerExcution.AirIndiaTestNG2@9f116cc]" started-at="2023-02-15T11:18:39 EST" name="beforeMethod" finished-at="2023-02-15T11:18:39 EST" duration-ms="0" status="PASS">
          <reporter-output>
          </reporter-output>
        </test-method> <!-- beforeMethod -->
        <test-method is-config="true" signature="afterMethod(org.testng.ITestResult)[pri:0, instance:parallerExcution.AirIndiaTestNG2@9f116cc]" started-at="2023-02-15T11:19:01 EST" name="afterMethod" finished-at="2023-02-15T11:19:01 EST" duration-ms="34" status="PASS">
          <params>
            <param index="0">
              <value>
                <![CDATA[[TestResult name=MulticityTravling4 status=SUCCESS method=AirIndiaTestNG2.MulticityTravling4()[pri:0, instance:parallerExcution.AirIndiaTestNG2@9f116cc] output={null}]]]>
              </value>
            </param>
          </params>
          <reporter-output>
          </reporter-output>
        </test-method> <!-- afterMethod -->
        <test-method is-config="true" signature="beforeMethod()[pri:0, instance:parallerExcution.AirIndiaTestNG2@9f116cc]" started-at="2023-02-15T11:19:01 EST" name="beforeMethod" finished-at="2023-02-15T11:19:01 EST" duration-ms="1" status="PASS">
          <reporter-output>
          </reporter-output>
        </test-method> <!-- beforeMethod -->
        <test-method signature="AirIndiaExpress5()[pri:1, instance:parallerExcution.AirIndiaTestNG2@9f116cc]" started-at="2023-02-15T11:19:01 EST" name="AirIndiaExpress5" finished-at="2023-02-15T11:24:18 EST" duration-ms="316819" status="PASS">
          <reporter-output>
          </reporter-output>
        </test-method> <!-- AirIndiaExpress5 -->
        <test-method is-config="true" signature="afterMethod(org.testng.ITestResult)[pri:0, instance:parallerExcution.AirIndiaTestNG2@9f116cc]" started-at="2023-02-15T11:24:18 EST" name="afterMethod" finished-at="2023-02-15T11:24:18 EST" duration-ms="92" status="PASS">
          <params>
            <param index="0">
              <value>
                <![CDATA[[TestResult name=AirIndiaExpress5 status=SUCCESS method=AirIndiaTestNG2.AirIndiaExpress5()[pri:1, instance:parallerExcution.AirIndiaTestNG2@9f116cc] output={null}]]]>
              </value>
            </param>
          </params>
          <reporter-output>
          </reporter-output>
        </test-method> <!-- afterMethod -->
        <test-method is-config="true" signature="afterClass()[pri:0, instance:parallerExcution.AirIndiaTestNG2@9f116cc]" started-at="2023-02-15T11:24:18 EST" name="afterClass" finished-at="2023-02-15T11:24:18 EST" duration-ms="2" status="PASS">
          <reporter-output>
          </reporter-output>
        </test-method> <!-- afterClass -->
        <test-method is-config="true" signature="afterTest()[pri:0, instance:parallerExcution.AirIndiaTestNG2@9f116cc]" started-at="2023-02-15T11:25:05 EST" name="afterTest" finished-at="2023-02-15T11:25:05 EST" duration-ms="325" status="PASS">
          <reporter-output>
          </reporter-output>
        </test-method> <!-- afterTest -->
      </class> <!-- parallerExcution.AirIndiaTestNG2 -->
    </test> <!-- ChromeTest -->
  </suite> <!-- Suite -->
</testng-results>
