<?xml version="1.0" encoding="UTF-8"?>
<testng-results ignored="0" total="15" passed="12" failed="3" skipped="0">
  <reporter-output>
  </reporter-output>
  <suite started-at="2023-02-12T23:40:04 EST" name="Suite" finished-at="2023-02-12T23:48:13 EST" duration-ms="488932">
    <groups>
    </groups>
    <test started-at="2023-02-12T23:40:04 EST" name="FirfoxTest" finished-at="2023-02-12T23:46:36 EST" duration-ms="392124">
      <class name="parallerExcution.AirIndiaTestNG1">
        <test-method is-config="true" signature="launchBrowser(java.lang.String)[pri:0, instance:parallerExcution.AirIndiaTestNG1@42a48628]" started-at="2023-02-12T23:40:04 EST" name="launchBrowser" finished-at="2023-02-12T23:40:12 EST" duration-ms="7680" status="PASS">
          <params>
            <param index="0">
              <value>
                <![CDATA[Firefox]]>
              </value>
            </param>
          </params>
          <reporter-output>
          </reporter-output>
        </test-method> <!-- launchBrowser -->
        <test-method is-config="true" signature="creatPOMObject()[pri:0, instance:parallerExcution.AirIndiaTestNG1@42a48628]" started-at="2023-02-12T23:40:18 EST" name="creatPOMObject" finished-at="2023-02-12T23:41:30 EST" duration-ms="72039" status="PASS">
          <reporter-output>
          </reporter-output>
        </test-method> <!-- creatPOMObject -->
        <test-method signature="AirIndiaSearchFlight1()[pri:0, instance:parallerExcution.AirIndiaTestNG1@42a48628]" started-at="2023-02-12T23:41:30 EST" name="AirIndiaSearchFlight1" finished-at="2023-02-12T23:41:34 EST" duration-ms="4690" status="PASS">
          <reporter-output>
          </reporter-output>
        </test-method> <!-- AirIndiaSearchFlight1 -->
        <test-method is-config="true" signature="beforeMethod()[pri:0, instance:parallerExcution.AirIndiaTestNG1@42a48628]" started-at="2023-02-12T23:41:30 EST" name="beforeMethod" finished-at="2023-02-12T23:41:30 EST" duration-ms="0" status="PASS">
          <reporter-output>
          </reporter-output>
        </test-method> <!-- beforeMethod -->
        <test-method is-config="true" signature="afterMethod(org.testng.ITestResult)[pri:0, instance:parallerExcution.AirIndiaTestNG1@42a48628]" started-at="2023-02-12T23:41:34 EST" name="afterMethod" finished-at="2023-02-12T23:41:34 EST" duration-ms="3" status="PASS">
          <params>
            <param index="0">
              <value>
                <![CDATA[[TestResult name=AirIndiaSearchFlight1 status=SUCCESS method=AirIndiaTestNG1.AirIndiaSearchFlight1()[pri:0, instance:parallerExcution.AirIndiaTestNG1@42a48628] output={null}]]]>
              </value>
            </param>
          </params>
          <reporter-output>
          </reporter-output>
        </test-method> <!-- afterMethod -->
        <test-method signature="FlightTimeTableCheck2()[pri:1, instance:parallerExcution.AirIndiaTestNG1@42a48628]" started-at="2023-02-12T23:46:32 EST" name="FlightTimeTableCheck2" finished-at="2023-02-12T23:46:33 EST" duration-ms="77" status="FAIL">
          <exception class="org.openqa.selenium.interactions.MoveTargetOutOfBoundsException">
            <message>
              <![CDATA[(331, -293) is out of bounds of viewport width (1280) and height (595)
Build info: version: '3.141.59', revision: 'e82be7d358', time: '2018-11-14T08:17:03'
System info: host: 'DESKTOP-0CO46H2', ip: '192.168.43.51', os.name: 'Windows 10', os.arch: 'amd64', os.version: '10.0', java.version: '18.0.2.1'
Driver info: org.openqa.selenium.firefox.FirefoxDriver
Capabilities {acceptInsecureCerts: true, browserName: firefox, browserVersion: 109.0.1, javascriptEnabled: true, moz:accessibilityChecks: false, moz:buildID: 20230127170202, moz:geckodriverVersion: 0.32.0, moz:headless: false, moz:platformVersion: 10.0, moz:processID: 15936, moz:profile: C:\Users\DELL\AppData\Local..., moz:shutdownTimeout: 60000, moz:useNonSpecCompliantPointerOrigin: false, moz:webdriverClick: true, moz:windowless: false, pageLoadStrategy: normal, platform: WINDOWS, platformName: WINDOWS, proxy: Proxy(), setWindowRect: true, strictFileInteractability: false, timeouts: {implicit: 0, pageLoad: 300000, script: 30000}, unhandledPromptBehavior: dismiss and notify}
Session ID: 4006aa80-a121-473b-9ad3-7661189998c9]]>
            </message>
            <full-stacktrace>
              <![CDATA[org.openqa.selenium.interactions.MoveTargetOutOfBoundsException: (331, -293) is out of bounds of viewport width (1280) and height (595)
Build info: version: '3.141.59', revision: 'e82be7d358', time: '2018-11-14T08:17:03'
System info: host: 'DESKTOP-0CO46H2', ip: '192.168.43.51', os.name: 'Windows 10', os.arch: 'amd64', os.version: '10.0', java.version: '18.0.2.1'
Driver info: org.openqa.selenium.firefox.FirefoxDriver
Capabilities {acceptInsecureCerts: true, browserName: firefox, browserVersion: 109.0.1, javascriptEnabled: true, moz:accessibilityChecks: false, moz:buildID: 20230127170202, moz:geckodriverVersion: 0.32.0, moz:headless: false, moz:platformVersion: 10.0, moz:processID: 15936, moz:profile: C:\Users\DELL\AppData\Local..., moz:shutdownTimeout: 60000, moz:useNonSpecCompliantPointerOrigin: false, moz:webdriverClick: true, moz:windowless: false, pageLoadStrategy: normal, platform: WINDOWS, platformName: WINDOWS, proxy: Proxy(), setWindowRect: true, strictFileInteractability: false, timeouts: {implicit: 0, pageLoad: 300000, script: 30000}, unhandledPromptBehavior: dismiss and notify}
Session ID: 4006aa80-a121-473b-9ad3-7661189998c9
at java.base/jdk.internal.reflect.DirectConstructorHandleAccessor.newInstance(DirectConstructorHandleAccessor.java:67)
at java.base/java.lang.reflect.Constructor.newInstanceWithCaller(Constructor.java:499)
at java.base/java.lang.reflect.Constructor.newInstance(Constructor.java:483)
at org.openqa.selenium.remote.http.W3CHttpResponseCodec.createException(W3CHttpResponseCodec.java:187)
at org.openqa.selenium.remote.http.W3CHttpResponseCodec.decode(W3CHttpResponseCodec.java:122)
at org.openqa.selenium.remote.http.W3CHttpResponseCodec.decode(W3CHttpResponseCodec.java:49)
at org.openqa.selenium.remote.HttpCommandExecutor.execute(HttpCommandExecutor.java:158)
at org.openqa.selenium.remote.service.DriverCommandExecutor.execute(DriverCommandExecutor.java:83)
at org.openqa.selenium.remote.RemoteWebDriver.execute(RemoteWebDriver.java:552)
at org.openqa.selenium.remote.RemoteWebDriver.perform(RemoteWebDriver.java:618)
at org.openqa.selenium.interactions.Actions$BuiltAction.perform(Actions.java:639)
at PomModule.AirIndia.selectManage(AirIndia.java:130)
at parallerExcution.AirIndiaTestNG1.FlightTimeTableCheck2(AirIndiaTestNG1.java:99)
at java.base/jdk.internal.reflect.DirectMethodHandleAccessor.invoke(DirectMethodHandleAccessor.java:104)
at java.base/java.lang.reflect.Method.invoke(Method.java:577)
at org.testng.internal.MethodInvocationHelper.invokeMethod(MethodInvocationHelper.java:133)
at org.testng.internal.TestInvoker.invokeMethod(TestInvoker.java:598)
at org.testng.internal.TestInvoker.invokeTestMethod(TestInvoker.java:173)
at org.testng.internal.MethodRunner.runInSequence(MethodRunner.java:46)
at org.testng.internal.TestInvoker$MethodInvocationAgent.invoke(TestInvoker.java:824)
at org.testng.internal.TestInvoker.invokeTestMethods(TestInvoker.java:146)
at org.testng.internal.TestMethodWorker.invokeTestMethods(TestMethodWorker.java:146)
at org.testng.internal.TestMethodWorker.run(TestMethodWorker.java:128)
at java.base/java.util.ArrayList.forEach(ArrayList.java:1511)
at org.testng.TestRunner.privateRun(TestRunner.java:794)
at org.testng.TestRunner.run(TestRunner.java:596)
at org.testng.SuiteRunner.runTest(SuiteRunner.java:377)
at org.testng.SuiteRunner.access$000(SuiteRunner.java:28)
at org.testng.SuiteRunner$SuiteWorker.run(SuiteRunner.java:418)
at org.testng.internal.thread.ThreadUtil.lambda$execute$0(ThreadUtil.java:64)
at java.base/java.util.concurrent.FutureTask.run(FutureTask.java:264)
at java.base/java.util.concurrent.ThreadPoolExecutor.runWorker(ThreadPoolExecutor.java:1136)
at java.base/java.util.concurrent.ThreadPoolExecutor$Worker.run(ThreadPoolExecutor.java:635)
at java.base/java.lang.Thread.run(Thread.java:833)
]]>
            </full-stacktrace>
          </exception> <!-- org.openqa.selenium.interactions.MoveTargetOutOfBoundsException -->
          <reporter-output>
          </reporter-output>
        </test-method> <!-- FlightTimeTableCheck2 -->
        <test-method is-config="true" signature="beforeMethod()[pri:0, instance:parallerExcution.AirIndiaTestNG1@42a48628]" started-at="2023-02-12T23:46:32 EST" name="beforeMethod" finished-at="2023-02-12T23:46:32 EST" duration-ms="0" status="PASS">
          <reporter-output>
          </reporter-output>
        </test-method> <!-- beforeMethod -->
        <test-method is-config="true" signature="afterMethod(org.testng.ITestResult)[pri:0, instance:parallerExcution.AirIndiaTestNG1@42a48628]" started-at="2023-02-12T23:46:33 EST" name="afterMethod" finished-at="2023-02-12T23:46:33 EST" duration-ms="249" status="PASS">
          <params>
            <param index="0">
              <value>
                <![CDATA[[TestResult name=FlightTimeTableCheck2 status=FAILURE method=AirIndiaTestNG1.FlightTimeTableCheck2()[pri:1, instance:parallerExcution.AirIndiaTestNG1@42a48628] output={null}]]]>
              </value>
            </param>
          </params>
          <reporter-output>
          </reporter-output>
        </test-method> <!-- afterMethod -->
        <test-method is-config="true" signature="beforeMethod()[pri:0, instance:parallerExcution.AirIndiaTestNG1@42a48628]" started-at="2023-02-12T23:46:33 EST" name="beforeMethod" finished-at="2023-02-12T23:46:33 EST" duration-ms="1" status="PASS">
          <reporter-output>
          </reporter-output>
        </test-method> <!-- beforeMethod -->
        <test-method signature="StudentConsessioanaryEligibility3()[pri:2, instance:parallerExcution.AirIndiaTestNG1@42a48628]" started-at="2023-02-12T23:46:33 EST" name="StudentConsessioanaryEligibility3" finished-at="2023-02-12T23:46:33 EST" duration-ms="24" status="FAIL">
          <exception class="org.openqa.selenium.interactions.MoveTargetOutOfBoundsException">
            <message>
              <![CDATA[(408, -293) is out of bounds of viewport width (1280) and height (595)
Build info: version: '3.141.59', revision: 'e82be7d358', time: '2018-11-14T08:17:03'
System info: host: 'DESKTOP-0CO46H2', ip: '192.168.43.51', os.name: 'Windows 10', os.arch: 'amd64', os.version: '10.0', java.version: '18.0.2.1'
Driver info: org.openqa.selenium.firefox.FirefoxDriver
Capabilities {acceptInsecureCerts: true, browserName: firefox, browserVersion: 109.0.1, javascriptEnabled: true, moz:accessibilityChecks: false, moz:buildID: 20230127170202, moz:geckodriverVersion: 0.32.0, moz:headless: false, moz:platformVersion: 10.0, moz:processID: 15936, moz:profile: C:\Users\DELL\AppData\Local..., moz:shutdownTimeout: 60000, moz:useNonSpecCompliantPointerOrigin: false, moz:webdriverClick: true, moz:windowless: false, pageLoadStrategy: normal, platform: WINDOWS, platformName: WINDOWS, proxy: Proxy(), setWindowRect: true, strictFileInteractability: false, timeouts: {implicit: 0, pageLoad: 300000, script: 30000}, unhandledPromptBehavior: dismiss and notify}
Session ID: 4006aa80-a121-473b-9ad3-7661189998c9]]>
            </message>
            <full-stacktrace>
              <![CDATA[org.openqa.selenium.interactions.MoveTargetOutOfBoundsException: (408, -293) is out of bounds of viewport width (1280) and height (595)
Build info: version: '3.141.59', revision: 'e82be7d358', time: '2018-11-14T08:17:03'
System info: host: 'DESKTOP-0CO46H2', ip: '192.168.43.51', os.name: 'Windows 10', os.arch: 'amd64', os.version: '10.0', java.version: '18.0.2.1'
Driver info: org.openqa.selenium.firefox.FirefoxDriver
Capabilities {acceptInsecureCerts: true, browserName: firefox, browserVersion: 109.0.1, javascriptEnabled: true, moz:accessibilityChecks: false, moz:buildID: 20230127170202, moz:geckodriverVersion: 0.32.0, moz:headless: false, moz:platformVersion: 10.0, moz:processID: 15936, moz:profile: C:\Users\DELL\AppData\Local..., moz:shutdownTimeout: 60000, moz:useNonSpecCompliantPointerOrigin: false, moz:webdriverClick: true, moz:windowless: false, pageLoadStrategy: normal, platform: WINDOWS, platformName: WINDOWS, proxy: Proxy(), setWindowRect: true, strictFileInteractability: false, timeouts: {implicit: 0, pageLoad: 300000, script: 30000}, unhandledPromptBehavior: dismiss and notify}
Session ID: 4006aa80-a121-473b-9ad3-7661189998c9
at java.base/jdk.internal.reflect.DirectConstructorHandleAccessor.newInstance(DirectConstructorHandleAccessor.java:67)
at java.base/java.lang.reflect.Constructor.newInstanceWithCaller(Constructor.java:499)
at java.base/java.lang.reflect.Constructor.newInstance(Constructor.java:483)
at org.openqa.selenium.remote.http.W3CHttpResponseCodec.createException(W3CHttpResponseCodec.java:187)
at org.openqa.selenium.remote.http.W3CHttpResponseCodec.decode(W3CHttpResponseCodec.java:122)
at org.openqa.selenium.remote.http.W3CHttpResponseCodec.decode(W3CHttpResponseCodec.java:49)
at org.openqa.selenium.remote.HttpCommandExecutor.execute(HttpCommandExecutor.java:158)
at org.openqa.selenium.remote.service.DriverCommandExecutor.execute(DriverCommandExecutor.java:83)
at org.openqa.selenium.remote.RemoteWebDriver.execute(RemoteWebDriver.java:552)
at org.openqa.selenium.remote.RemoteWebDriver.perform(RemoteWebDriver.java:618)
at org.openqa.selenium.interactions.Actions$BuiltAction.perform(Actions.java:639)
at PomModule.AirIndia.selectOffers(AirIndia.java:138)
at parallerExcution.AirIndiaTestNG1.StudentConsessioanaryEligibility3(AirIndiaTestNG1.java:127)
at java.base/jdk.internal.reflect.DirectMethodHandleAccessor.invoke(DirectMethodHandleAccessor.java:104)
at java.base/java.lang.reflect.Method.invoke(Method.java:577)
at org.testng.internal.MethodInvocationHelper.invokeMethod(MethodInvocationHelper.java:133)
at org.testng.internal.TestInvoker.invokeMethod(TestInvoker.java:598)
at org.testng.internal.TestInvoker.invokeTestMethod(TestInvoker.java:173)
at org.testng.internal.MethodRunner.runInSequence(MethodRunner.java:46)
at org.testng.internal.TestInvoker$MethodInvocationAgent.invoke(TestInvoker.java:824)
at org.testng.internal.TestInvoker.invokeTestMethods(TestInvoker.java:146)
at org.testng.internal.TestMethodWorker.invokeTestMethods(TestMethodWorker.java:146)
at org.testng.internal.TestMethodWorker.run(TestMethodWorker.java:128)
at java.base/java.util.ArrayList.forEach(ArrayList.java:1511)
at org.testng.TestRunner.privateRun(TestRunner.java:794)
at org.testng.TestRunner.run(TestRunner.java:596)
at org.testng.SuiteRunner.runTest(SuiteRunner.java:377)
at org.testng.SuiteRunner.access$000(SuiteRunner.java:28)
at org.testng.SuiteRunner$SuiteWorker.run(SuiteRunner.java:418)
at org.testng.internal.thread.ThreadUtil.lambda$execute$0(ThreadUtil.java:64)
at java.base/java.util.concurrent.FutureTask.run(FutureTask.java:264)
at java.base/java.util.concurrent.ThreadPoolExecutor.runWorker(ThreadPoolExecutor.java:1136)
at java.base/java.util.concurrent.ThreadPoolExecutor$Worker.run(ThreadPoolExecutor.java:635)
at java.base/java.lang.Thread.run(Thread.java:833)
]]>
            </full-stacktrace>
          </exception> <!-- org.openqa.selenium.interactions.MoveTargetOutOfBoundsException -->
          <reporter-output>
          </reporter-output>
        </test-method> <!-- StudentConsessioanaryEligibility3 -->
        <test-method is-config="true" signature="afterMethod(org.testng.ITestResult)[pri:0, instance:parallerExcution.AirIndiaTestNG1@42a48628]" started-at="2023-02-12T23:46:33 EST" name="afterMethod" finished-at="2023-02-12T23:46:33 EST" duration-ms="245" status="PASS">
          <params>
            <param index="0">
              <value>
                <![CDATA[[TestResult name=StudentConsessioanaryEligibility3 status=FAILURE method=AirIndiaTestNG1.StudentConsessioanaryEligibility3()[pri:2, instance:parallerExcution.AirIndiaTestNG1@42a48628] output={null}]]]>
              </value>
            </param>
          </params>
          <reporter-output>
          </reporter-output>
        </test-method> <!-- afterMethod -->
        <test-method is-config="true" signature="afterClass()[pri:0, instance:parallerExcution.AirIndiaTestNG1@42a48628]" started-at="2023-02-12T23:46:33 EST" name="afterClass" finished-at="2023-02-12T23:46:33 EST" duration-ms="0" status="PASS">
          <reporter-output>
          </reporter-output>
        </test-method> <!-- afterClass -->
        <test-method is-config="true" signature="afterTest()[pri:0, instance:parallerExcution.AirIndiaTestNG1@42a48628]" started-at="2023-02-12T23:46:33 EST" name="afterTest" finished-at="2023-02-12T23:46:35 EST" duration-ms="1585" status="PASS">
          <reporter-output>
          </reporter-output>
        </test-method> <!-- afterTest -->
      </class> <!-- parallerExcution.AirIndiaTestNG1 -->
      <class name="parallerExcution.AirIndiaTestNG2">
        <test-method is-config="true" signature="launchBrowser(java.lang.String)[pri:0, instance:parallerExcution.AirIndiaTestNG2@293a5bf6]" started-at="2023-02-12T23:40:12 EST" name="launchBrowser" finished-at="2023-02-12T23:40:18 EST" duration-ms="6011" status="PASS">
          <params>
            <param index="0">
              <value>
                <![CDATA[Firefox]]>
              </value>
            </param>
          </params>
          <reporter-output>
          </reporter-output>
        </test-method> <!-- launchBrowser -->
        <test-method is-config="true" signature="creatPOMObjects()[pri:0, instance:parallerExcution.AirIndiaTestNG2@293a5bf6]" started-at="2023-02-12T23:41:34 EST" name="creatPOMObjects" finished-at="2023-02-12T23:42:22 EST" duration-ms="48137" status="PASS">
          <reporter-output>
          </reporter-output>
        </test-method> <!-- creatPOMObjects -->
        <test-method is-config="true" signature="beforeMethod()[pri:0, instance:parallerExcution.AirIndiaTestNG2@293a5bf6]" started-at="2023-02-12T23:42:22 EST" name="beforeMethod" finished-at="2023-02-12T23:42:22 EST" duration-ms="1" status="PASS">
          <reporter-output>
          </reporter-output>
        </test-method> <!-- beforeMethod -->
        <test-method signature="MulticityTravling4()[pri:0, instance:parallerExcution.AirIndiaTestNG2@293a5bf6]" started-at="2023-02-12T23:42:22 EST" name="MulticityTravling4" finished-at="2023-02-12T23:42:28 EST" duration-ms="5286" status="PASS">
          <reporter-output>
          </reporter-output>
        </test-method> <!-- MulticityTravling4 -->
        <test-method is-config="true" signature="afterMethod(org.testng.ITestResult)[pri:0, instance:parallerExcution.AirIndiaTestNG2@293a5bf6]" started-at="2023-02-12T23:42:28 EST" name="afterMethod" finished-at="2023-02-12T23:42:28 EST" duration-ms="30" status="PASS">
          <params>
            <param index="0">
              <value>
                <![CDATA[[TestResult name=MulticityTravling4 status=SUCCESS method=AirIndiaTestNG2.MulticityTravling4()[pri:0, instance:parallerExcution.AirIndiaTestNG2@293a5bf6] output={null}]]]>
              </value>
            </param>
          </params>
          <reporter-output>
          </reporter-output>
        </test-method> <!-- afterMethod -->
        <test-method is-config="true" signature="beforeMethod()[pri:0, instance:parallerExcution.AirIndiaTestNG2@293a5bf6]" started-at="2023-02-12T23:42:28 EST" name="beforeMethod" finished-at="2023-02-12T23:42:28 EST" duration-ms="0" status="PASS">
          <reporter-output>
          </reporter-output>
        </test-method> <!-- beforeMethod -->
        <test-method signature="AirIndiaExpress5()[pri:1, instance:parallerExcution.AirIndiaTestNG2@293a5bf6]" started-at="2023-02-12T23:42:28 EST" name="AirIndiaExpress5" finished-at="2023-02-12T23:46:32 EST" duration-ms="244373" status="FAIL">
          <exception class="java.lang.AssertionError">
            <message>
              <![CDATA[expected [Low Cost Airline In India | Book Cheap Flight Tickets Online] but found [Air India]]]>
            </message>
            <full-stacktrace>
              <![CDATA[java.lang.AssertionError: expected [Low Cost Airline In India | Book Cheap Flight Tickets Online] but found [Air India]
at org.testng.Assert.fail(Assert.java:99)
at org.testng.Assert.failNotEquals(Assert.java:1037)
at org.testng.Assert.assertEqualsImpl(Assert.java:140)
at org.testng.Assert.assertEquals(Assert.java:122)
at org.testng.Assert.assertEquals(Assert.java:629)
at org.testng.Assert.assertEquals(Assert.java:639)
at parallerExcution.AirIndiaTestNG2.AirIndiaExpress5(AirIndiaTestNG2.java:120)
at java.base/jdk.internal.reflect.DirectMethodHandleAccessor.invoke(DirectMethodHandleAccessor.java:104)
at java.base/java.lang.reflect.Method.invoke(Method.java:577)
at org.testng.internal.MethodInvocationHelper.invokeMethod(MethodInvocationHelper.java:133)
at org.testng.internal.TestInvoker.invokeMethod(TestInvoker.java:598)
at org.testng.internal.TestInvoker.invokeTestMethod(TestInvoker.java:173)
at org.testng.internal.MethodRunner.runInSequence(MethodRunner.java:46)
at org.testng.internal.TestInvoker$MethodInvocationAgent.invoke(TestInvoker.java:824)
at org.testng.internal.TestInvoker.invokeTestMethods(TestInvoker.java:146)
at org.testng.internal.TestMethodWorker.invokeTestMethods(TestMethodWorker.java:146)
at org.testng.internal.TestMethodWorker.run(TestMethodWorker.java:128)
at java.base/java.util.ArrayList.forEach(ArrayList.java:1511)
at org.testng.TestRunner.privateRun(TestRunner.java:794)
at org.testng.TestRunner.run(TestRunner.java:596)
at org.testng.SuiteRunner.runTest(SuiteRunner.java:377)
at org.testng.SuiteRunner.access$000(SuiteRunner.java:28)
at org.testng.SuiteRunner$SuiteWorker.run(SuiteRunner.java:418)
at org.testng.internal.thread.ThreadUtil.lambda$execute$0(ThreadUtil.java:64)
at java.base/java.util.concurrent.FutureTask.run(FutureTask.java:264)
at java.base/java.util.concurrent.ThreadPoolExecutor.runWorker(ThreadPoolExecutor.java:1136)
at java.base/java.util.concurrent.ThreadPoolExecutor$Worker.run(ThreadPoolExecutor.java:635)
at java.base/java.lang.Thread.run(Thread.java:833)
]]>
            </full-stacktrace>
          </exception> <!-- java.lang.AssertionError -->
          <reporter-output>
          </reporter-output>
        </test-method> <!-- AirIndiaExpress5 -->
        <test-method is-config="true" signature="afterMethod(org.testng.ITestResult)[pri:0, instance:parallerExcution.AirIndiaTestNG2@293a5bf6]" started-at="2023-02-12T23:46:32 EST" name="afterMethod" finished-at="2023-02-12T23:46:32 EST" duration-ms="272" status="PASS">
          <params>
            <param index="0">
              <value>
                <![CDATA[[TestResult name=AirIndiaExpress5 status=FAILURE method=AirIndiaTestNG2.AirIndiaExpress5()[pri:1, instance:parallerExcution.AirIndiaTestNG2@293a5bf6] output={null}]]]>
              </value>
            </param>
          </params>
          <reporter-output>
          </reporter-output>
        </test-method> <!-- afterMethod -->
        <test-method is-config="true" signature="afterClass()[pri:0, instance:parallerExcution.AirIndiaTestNG2@293a5bf6]" started-at="2023-02-12T23:46:32 EST" name="afterClass" finished-at="2023-02-12T23:46:32 EST" duration-ms="0" status="PASS">
          <reporter-output>
          </reporter-output>
        </test-method> <!-- afterClass -->
        <test-method is-config="true" signature="afterTest()[pri:0, instance:parallerExcution.AirIndiaTestNG2@293a5bf6]" started-at="2023-02-12T23:46:35 EST" name="afterTest" finished-at="2023-02-12T23:46:36 EST" duration-ms="1390" status="PASS">
          <reporter-output>
          </reporter-output>
        </test-method> <!-- afterTest -->
      </class> <!-- parallerExcution.AirIndiaTestNG2 -->
    </test> <!-- FirfoxTest -->
    <test started-at="2023-02-12T23:40:04 EST" name="ChromeTest" finished-at="2023-02-12T23:47:34 EST" duration-ms="449662">
      <class name="parallerExcution.AirIndiaTestNG1">
        <test-method is-config="true" signature="launchBrowser(java.lang.String)[pri:0, instance:parallerExcution.AirIndiaTestNG1@4fb61f4a]" started-at="2023-02-12T23:40:04 EST" name="launchBrowser" finished-at="2023-02-12T23:40:07 EST" duration-ms="3391" status="PASS">
          <params>
            <param index="0">
              <value>
                <![CDATA[chrome]]>
              </value>
            </param>
          </params>
          <reporter-output>
          </reporter-output>
        </test-method> <!-- launchBrowser -->
        <test-method is-config="true" signature="creatPOMObject()[pri:0, instance:parallerExcution.AirIndiaTestNG1@4fb61f4a]" started-at="2023-02-12T23:40:09 EST" name="creatPOMObject" finished-at="2023-02-12T23:41:10 EST" duration-ms="61237" status="PASS">
          <reporter-output>
          </reporter-output>
        </test-method> <!-- creatPOMObject -->
        <test-method is-config="true" signature="beforeMethod()[pri:0, instance:parallerExcution.AirIndiaTestNG1@4fb61f4a]" started-at="2023-02-12T23:41:10 EST" name="beforeMethod" finished-at="2023-02-12T23:41:10 EST" duration-ms="0" status="PASS">
          <reporter-output>
          </reporter-output>
        </test-method> <!-- beforeMethod -->
        <test-method signature="AirIndiaSearchFlight1()[pri:0, instance:parallerExcution.AirIndiaTestNG1@4fb61f4a]" started-at="2023-02-12T23:41:10 EST" name="AirIndiaSearchFlight1" finished-at="2023-02-12T23:41:14 EST" duration-ms="4177" status="PASS">
          <reporter-output>
          </reporter-output>
        </test-method> <!-- AirIndiaSearchFlight1 -->
        <test-method is-config="true" signature="afterMethod(org.testng.ITestResult)[pri:0, instance:parallerExcution.AirIndiaTestNG1@4fb61f4a]" started-at="2023-02-12T23:41:14 EST" name="afterMethod" finished-at="2023-02-12T23:41:14 EST" duration-ms="2" status="PASS">
          <params>
            <param index="0">
              <value>
                <![CDATA[[TestResult name=AirIndiaSearchFlight1 status=SUCCESS method=AirIndiaTestNG1.AirIndiaSearchFlight1()[pri:0, instance:parallerExcution.AirIndiaTestNG1@4fb61f4a] output={null}]]]>
              </value>
            </param>
          </params>
          <reporter-output>
          </reporter-output>
        </test-method> <!-- afterMethod -->
        <test-method signature="FlightTimeTableCheck2()[pri:1, instance:parallerExcution.AirIndiaTestNG1@4fb61f4a]" started-at="2023-02-12T23:47:18 EST" name="FlightTimeTableCheck2" finished-at="2023-02-12T23:47:23 EST" duration-ms="5284" status="PASS">
          <reporter-output>
          </reporter-output>
        </test-method> <!-- FlightTimeTableCheck2 -->
        <test-method is-config="true" signature="beforeMethod()[pri:0, instance:parallerExcution.AirIndiaTestNG1@4fb61f4a]" started-at="2023-02-12T23:47:18 EST" name="beforeMethod" finished-at="2023-02-12T23:47:18 EST" duration-ms="0" status="PASS">
          <reporter-output>
          </reporter-output>
        </test-method> <!-- beforeMethod -->
        <test-method is-config="true" signature="afterMethod(org.testng.ITestResult)[pri:0, instance:parallerExcution.AirIndiaTestNG1@4fb61f4a]" started-at="2023-02-12T23:47:23 EST" name="afterMethod" finished-at="2023-02-12T23:47:23 EST" duration-ms="2" status="PASS">
          <params>
            <param index="0">
              <value>
                <![CDATA[[TestResult name=FlightTimeTableCheck2 status=SUCCESS method=AirIndiaTestNG1.FlightTimeTableCheck2()[pri:1, instance:parallerExcution.AirIndiaTestNG1@4fb61f4a] output={null}]]]>
              </value>
            </param>
          </params>
          <reporter-output>
          </reporter-output>
        </test-method> <!-- afterMethod -->
        <test-method is-config="true" signature="beforeMethod()[pri:0, instance:parallerExcution.AirIndiaTestNG1@4fb61f4a]" started-at="2023-02-12T23:47:23 EST" name="beforeMethod" finished-at="2023-02-12T23:47:23 EST" duration-ms="0" status="PASS">
          <reporter-output>
          </reporter-output>
        </test-method> <!-- beforeMethod -->
        <test-method signature="StudentConsessioanaryEligibility3()[pri:2, instance:parallerExcution.AirIndiaTestNG1@4fb61f4a]" started-at="2023-02-12T23:47:23 EST" name="StudentConsessioanaryEligibility3" finished-at="2023-02-12T23:47:33 EST" duration-ms="9773" status="PASS">
          <reporter-output>
          </reporter-output>
        </test-method> <!-- StudentConsessioanaryEligibility3 -->
        <test-method is-config="true" signature="afterMethod(org.testng.ITestResult)[pri:0, instance:parallerExcution.AirIndiaTestNG1@4fb61f4a]" started-at="2023-02-12T23:47:33 EST" name="afterMethod" finished-at="2023-02-12T23:47:33 EST" duration-ms="0" status="PASS">
          <params>
            <param index="0">
              <value>
                <![CDATA[[TestResult name=StudentConsessioanaryEligibility3 status=SUCCESS method=AirIndiaTestNG1.StudentConsessioanaryEligibility3()[pri:2, instance:parallerExcution.AirIndiaTestNG1@4fb61f4a] output={null}]]]>
              </value>
            </param>
          </params>
          <reporter-output>
          </reporter-output>
        </test-method> <!-- afterMethod -->
        <test-method is-config="true" signature="afterClass()[pri:0, instance:parallerExcution.AirIndiaTestNG1@4fb61f4a]" started-at="2023-02-12T23:47:33 EST" name="afterClass" finished-at="2023-02-12T23:47:33 EST" duration-ms="0" status="PASS">
          <reporter-output>
          </reporter-output>
        </test-method> <!-- afterClass -->
        <test-method is-config="true" signature="afterTest()[pri:0, instance:parallerExcution.AirIndiaTestNG1@4fb61f4a]" started-at="2023-02-12T23:47:33 EST" name="afterTest" finished-at="2023-02-12T23:47:33 EST" duration-ms="324" status="PASS">
          <reporter-output>
          </reporter-output>
        </test-method> <!-- afterTest -->
      </class> <!-- parallerExcution.AirIndiaTestNG1 -->
      <class name="parallerExcution.AirIndiaTestNG2">
        <test-method is-config="true" signature="launchBrowser(java.lang.String)[pri:0, instance:parallerExcution.AirIndiaTestNG2@9f116cc]" started-at="2023-02-12T23:40:07 EST" name="launchBrowser" finished-at="2023-02-12T23:40:09 EST" duration-ms="1393" status="PASS">
          <params>
            <param index="0">
              <value>
                <![CDATA[chrome]]>
              </value>
            </param>
          </params>
          <reporter-output>
          </reporter-output>
        </test-method> <!-- launchBrowser -->
        <test-method is-config="true" signature="creatPOMObjects()[pri:0, instance:parallerExcution.AirIndiaTestNG2@9f116cc]" started-at="2023-02-12T23:41:14 EST" name="creatPOMObjects" finished-at="2023-02-12T23:41:59 EST" duration-ms="45222" status="PASS">
          <reporter-output>
          </reporter-output>
        </test-method> <!-- creatPOMObjects -->
        <test-method is-config="true" signature="beforeMethod()[pri:0, instance:parallerExcution.AirIndiaTestNG2@9f116cc]" started-at="2023-02-12T23:41:59 EST" name="beforeMethod" finished-at="2023-02-12T23:41:59 EST" duration-ms="1" status="PASS">
          <reporter-output>
          </reporter-output>
        </test-method> <!-- beforeMethod -->
        <test-method signature="MulticityTravling4()[pri:0, instance:parallerExcution.AirIndiaTestNG2@9f116cc]" started-at="2023-02-12T23:41:59 EST" name="MulticityTravling4" finished-at="2023-02-12T23:42:05 EST" duration-ms="5376" status="PASS">
          <reporter-output>
          </reporter-output>
        </test-method> <!-- MulticityTravling4 -->
        <test-method is-config="true" signature="afterMethod(org.testng.ITestResult)[pri:0, instance:parallerExcution.AirIndiaTestNG2@9f116cc]" started-at="2023-02-12T23:42:05 EST" name="afterMethod" finished-at="2023-02-12T23:42:05 EST" duration-ms="120" status="PASS">
          <params>
            <param index="0">
              <value>
                <![CDATA[[TestResult name=MulticityTravling4 status=SUCCESS method=AirIndiaTestNG2.MulticityTravling4()[pri:0, instance:parallerExcution.AirIndiaTestNG2@9f116cc] output={null}]]]>
              </value>
            </param>
          </params>
          <reporter-output>
          </reporter-output>
        </test-method> <!-- afterMethod -->
        <test-method is-config="true" signature="beforeMethod()[pri:0, instance:parallerExcution.AirIndiaTestNG2@9f116cc]" started-at="2023-02-12T23:42:05 EST" name="beforeMethod" finished-at="2023-02-12T23:42:05 EST" duration-ms="1" status="PASS">
          <reporter-output>
          </reporter-output>
        </test-method> <!-- beforeMethod -->
        <test-method signature="AirIndiaExpress5()[pri:1, instance:parallerExcution.AirIndiaTestNG2@9f116cc]" started-at="2023-02-12T23:42:05 EST" name="AirIndiaExpress5" finished-at="2023-02-12T23:47:18 EST" duration-ms="312939" status="PASS">
          <reporter-output>
          </reporter-output>
        </test-method> <!-- AirIndiaExpress5 -->
        <test-method is-config="true" signature="afterMethod(org.testng.ITestResult)[pri:0, instance:parallerExcution.AirIndiaTestNG2@9f116cc]" started-at="2023-02-12T23:47:18 EST" name="afterMethod" finished-at="2023-02-12T23:47:18 EST" duration-ms="7" status="PASS">
          <params>
            <param index="0">
              <value>
                <![CDATA[[TestResult name=AirIndiaExpress5 status=SUCCESS method=AirIndiaTestNG2.AirIndiaExpress5()[pri:1, instance:parallerExcution.AirIndiaTestNG2@9f116cc] output={null}]]]>
              </value>
            </param>
          </params>
          <reporter-output>
          </reporter-output>
        </test-method> <!-- afterMethod -->
        <test-method is-config="true" signature="afterClass()[pri:0, instance:parallerExcution.AirIndiaTestNG2@9f116cc]" started-at="2023-02-12T23:47:18 EST" name="afterClass" finished-at="2023-02-12T23:47:18 EST" duration-ms="1" status="PASS">
          <reporter-output>
          </reporter-output>
        </test-method> <!-- afterClass -->
        <test-method is-config="true" signature="afterTest()[pri:0, instance:parallerExcution.AirIndiaTestNG2@9f116cc]" started-at="2023-02-12T23:47:33 EST" name="afterTest" finished-at="2023-02-12T23:47:34 EST" duration-ms="345" status="PASS">
          <reporter-output>
          </reporter-output>
        </test-method> <!-- afterTest -->
      </class> <!-- parallerExcution.AirIndiaTestNG2 -->
    </test> <!-- ChromeTest -->
    <test started-at="2023-02-12T23:40:04 EST" name="EdgeTest" finished-at="2023-02-12T23:48:13 EST" duration-ms="488932">
      <class name="parallerExcution.AirIndiaTestNG1">
        <test-method is-config="true" signature="launchBrowser(java.lang.String)[pri:0, instance:parallerExcution.AirIndiaTestNG1@3c19aaa5]" started-at="2023-02-12T23:40:04 EST" name="launchBrowser" finished-at="2023-02-12T23:40:07 EST" duration-ms="3225" status="PASS">
          <params>
            <param index="0">
              <value>
                <![CDATA[edge]]>
              </value>
            </param>
          </params>
          <reporter-output>
          </reporter-output>
        </test-method> <!-- launchBrowser -->
        <test-method is-config="true" signature="creatPOMObject()[pri:0, instance:parallerExcution.AirIndiaTestNG1@3c19aaa5]" started-at="2023-02-12T23:40:12 EST" name="creatPOMObject" finished-at="2023-02-12T23:41:17 EST" duration-ms="64876" status="PASS">
          <reporter-output>
          </reporter-output>
        </test-method> <!-- creatPOMObject -->
        <test-method is-config="true" signature="beforeMethod()[pri:0, instance:parallerExcution.AirIndiaTestNG1@3c19aaa5]" started-at="2023-02-12T23:41:17 EST" name="beforeMethod" finished-at="2023-02-12T23:41:17 EST" duration-ms="1" status="PASS">
          <reporter-output>
          </reporter-output>
        </test-method> <!-- beforeMethod -->
        <test-method signature="AirIndiaSearchFlight1()[pri:0, instance:parallerExcution.AirIndiaTestNG1@3c19aaa5]" started-at="2023-02-12T23:41:17 EST" name="AirIndiaSearchFlight1" finished-at="2023-02-12T23:41:24 EST" duration-ms="7004" status="PASS">
          <reporter-output>
          </reporter-output>
        </test-method> <!-- AirIndiaSearchFlight1 -->
        <test-method is-config="true" signature="afterMethod(org.testng.ITestResult)[pri:0, instance:parallerExcution.AirIndiaTestNG1@3c19aaa5]" started-at="2023-02-12T23:41:24 EST" name="afterMethod" finished-at="2023-02-12T23:41:24 EST" duration-ms="0" status="PASS">
          <params>
            <param index="0">
              <value>
                <![CDATA[[TestResult name=AirIndiaSearchFlight1 status=SUCCESS method=AirIndiaTestNG1.AirIndiaSearchFlight1()[pri:0, instance:parallerExcution.AirIndiaTestNG1@3c19aaa5] output={null}]]]>
              </value>
            </param>
          </params>
          <reporter-output>
          </reporter-output>
        </test-method> <!-- afterMethod -->
        <test-method signature="FlightTimeTableCheck2()[pri:1, instance:parallerExcution.AirIndiaTestNG1@3c19aaa5]" started-at="2023-02-12T23:47:58 EST" name="FlightTimeTableCheck2" finished-at="2023-02-12T23:48:03 EST" duration-ms="4918" status="PASS">
          <reporter-output>
          </reporter-output>
        </test-method> <!-- FlightTimeTableCheck2 -->
        <test-method is-config="true" signature="beforeMethod()[pri:0, instance:parallerExcution.AirIndiaTestNG1@3c19aaa5]" started-at="2023-02-12T23:47:58 EST" name="beforeMethod" finished-at="2023-02-12T23:47:58 EST" duration-ms="0" status="PASS">
          <reporter-output>
          </reporter-output>
        </test-method> <!-- beforeMethod -->
        <test-method is-config="true" signature="afterMethod(org.testng.ITestResult)[pri:0, instance:parallerExcution.AirIndiaTestNG1@3c19aaa5]" started-at="2023-02-12T23:48:03 EST" name="afterMethod" finished-at="2023-02-12T23:48:03 EST" duration-ms="0" status="PASS">
          <params>
            <param index="0">
              <value>
                <![CDATA[[TestResult name=FlightTimeTableCheck2 status=SUCCESS method=AirIndiaTestNG1.FlightTimeTableCheck2()[pri:1, instance:parallerExcution.AirIndiaTestNG1@3c19aaa5] output={null}]]]>
              </value>
            </param>
          </params>
          <reporter-output>
          </reporter-output>
        </test-method> <!-- afterMethod -->
        <test-method is-config="true" signature="beforeMethod()[pri:0, instance:parallerExcution.AirIndiaTestNG1@3c19aaa5]" started-at="2023-02-12T23:48:03 EST" name="beforeMethod" finished-at="2023-02-12T23:48:03 EST" duration-ms="0" status="PASS">
          <reporter-output>
          </reporter-output>
        </test-method> <!-- beforeMethod -->
        <test-method signature="StudentConsessioanaryEligibility3()[pri:2, instance:parallerExcution.AirIndiaTestNG1@3c19aaa5]" started-at="2023-02-12T23:48:03 EST" name="StudentConsessioanaryEligibility3" finished-at="2023-02-12T23:48:12 EST" duration-ms="8952" status="PASS">
          <reporter-output>
          </reporter-output>
        </test-method> <!-- StudentConsessioanaryEligibility3 -->
        <test-method is-config="true" signature="afterMethod(org.testng.ITestResult)[pri:0, instance:parallerExcution.AirIndiaTestNG1@3c19aaa5]" started-at="2023-02-12T23:48:12 EST" name="afterMethod" finished-at="2023-02-12T23:48:12 EST" duration-ms="1" status="PASS">
          <params>
            <param index="0">
              <value>
                <![CDATA[[TestResult name=StudentConsessioanaryEligibility3 status=SUCCESS method=AirIndiaTestNG1.StudentConsessioanaryEligibility3()[pri:2, instance:parallerExcution.AirIndiaTestNG1@3c19aaa5] output={null}]]]>
              </value>
            </param>
          </params>
          <reporter-output>
          </reporter-output>
        </test-method> <!-- afterMethod -->
        <test-method is-config="true" signature="afterClass()[pri:0, instance:parallerExcution.AirIndiaTestNG1@3c19aaa5]" started-at="2023-02-12T23:48:12 EST" name="afterClass" finished-at="2023-02-12T23:48:12 EST" duration-ms="0" status="PASS">
          <reporter-output>
          </reporter-output>
        </test-method> <!-- afterClass -->
        <test-method is-config="true" signature="afterTest()[pri:0, instance:parallerExcution.AirIndiaTestNG1@3c19aaa5]" started-at="2023-02-12T23:48:12 EST" name="afterTest" finished-at="2023-02-12T23:48:12 EST" duration-ms="435" status="PASS">
          <reporter-output>
          </reporter-output>
        </test-method> <!-- afterTest -->
      </class> <!-- parallerExcution.AirIndiaTestNG1 -->
      <class name="parallerExcution.AirIndiaTestNG2">
        <test-method is-config="true" signature="launchBrowser(java.lang.String)[pri:0, instance:parallerExcution.AirIndiaTestNG2@3349e9bb]" started-at="2023-02-12T23:40:07 EST" name="launchBrowser" finished-at="2023-02-12T23:40:12 EST" duration-ms="5123" status="PASS">
          <params>
            <param index="0">
              <value>
                <![CDATA[edge]]>
              </value>
            </param>
          </params>
          <reporter-output>
          </reporter-output>
        </test-method> <!-- launchBrowser -->
        <test-method is-config="true" signature="creatPOMObjects()[pri:0, instance:parallerExcution.AirIndiaTestNG2@3349e9bb]" started-at="2023-02-12T23:41:24 EST" name="creatPOMObjects" finished-at="2023-02-12T23:42:12 EST" duration-ms="47510" status="PASS">
          <reporter-output>
          </reporter-output>
        </test-method> <!-- creatPOMObjects -->
        <test-method signature="MulticityTravling4()[pri:0, instance:parallerExcution.AirIndiaTestNG2@3349e9bb]" started-at="2023-02-12T23:42:12 EST" name="MulticityTravling4" finished-at="2023-02-12T23:42:27 EST" duration-ms="15079" status="PASS">
          <reporter-output>
          </reporter-output>
        </test-method> <!-- MulticityTravling4 -->
        <test-method is-config="true" signature="beforeMethod()[pri:0, instance:parallerExcution.AirIndiaTestNG2@3349e9bb]" started-at="2023-02-12T23:42:12 EST" name="beforeMethod" finished-at="2023-02-12T23:42:12 EST" duration-ms="0" status="PASS">
          <reporter-output>
          </reporter-output>
        </test-method> <!-- beforeMethod -->
        <test-method is-config="true" signature="afterMethod(org.testng.ITestResult)[pri:0, instance:parallerExcution.AirIndiaTestNG2@3349e9bb]" started-at="2023-02-12T23:42:27 EST" name="afterMethod" finished-at="2023-02-12T23:42:27 EST" duration-ms="218" status="PASS">
          <params>
            <param index="0">
              <value>
                <![CDATA[[TestResult name=MulticityTravling4 status=SUCCESS method=AirIndiaTestNG2.MulticityTravling4()[pri:0, instance:parallerExcution.AirIndiaTestNG2@3349e9bb] output={null}]]]>
              </value>
            </param>
          </params>
          <reporter-output>
          </reporter-output>
        </test-method> <!-- afterMethod -->
        <test-method is-config="true" signature="beforeMethod()[pri:0, instance:parallerExcution.AirIndiaTestNG2@3349e9bb]" started-at="2023-02-12T23:42:27 EST" name="beforeMethod" finished-at="2023-02-12T23:42:27 EST" duration-ms="0" status="PASS">
          <reporter-output>
          </reporter-output>
        </test-method> <!-- beforeMethod -->
        <test-method signature="AirIndiaExpress5()[pri:1, instance:parallerExcution.AirIndiaTestNG2@3349e9bb]" started-at="2023-02-12T23:42:27 EST" name="AirIndiaExpress5" finished-at="2023-02-12T23:47:58 EST" duration-ms="331159" status="PASS">
          <reporter-output>
          </reporter-output>
        </test-method> <!-- AirIndiaExpress5 -->
        <test-method is-config="true" signature="afterMethod(org.testng.ITestResult)[pri:0, instance:parallerExcution.AirIndiaTestNG2@3349e9bb]" started-at="2023-02-12T23:47:58 EST" name="afterMethod" finished-at="2023-02-12T23:47:58 EST" duration-ms="8" status="PASS">
          <params>
            <param index="0">
              <value>
                <![CDATA[[TestResult name=AirIndiaExpress5 status=SUCCESS method=AirIndiaTestNG2.AirIndiaExpress5()[pri:1, instance:parallerExcution.AirIndiaTestNG2@3349e9bb] output={null}]]]>
              </value>
            </param>
          </params>
          <reporter-output>
          </reporter-output>
        </test-method> <!-- afterMethod -->
        <test-method is-config="true" signature="afterClass()[pri:0, instance:parallerExcution.AirIndiaTestNG2@3349e9bb]" started-at="2023-02-12T23:47:58 EST" name="afterClass" finished-at="2023-02-12T23:47:58 EST" duration-ms="0" status="PASS">
          <reporter-output>
          </reporter-output>
        </test-method> <!-- afterClass -->
        <test-method is-config="true" signature="afterTest()[pri:0, instance:parallerExcution.AirIndiaTestNG2@3349e9bb]" started-at="2023-02-12T23:48:12 EST" name="afterTest" finished-at="2023-02-12T23:48:13 EST" duration-ms="400" status="PASS">
          <reporter-output>
          </reporter-output>
        </test-method> <!-- afterTest -->
      </class> <!-- parallerExcution.AirIndiaTestNG2 -->
    </test> <!-- EdgeTest -->
  </suite> <!-- Suite -->
</testng-results>
