<?xml version="1.0" encoding="UTF-8"?>
<!-- Generated by org.testng.reporters.JUnitXMLReporter -->
<testsuite ignored="0" hostname="DESKTOP-0CO46H2" failures="0" tests="3" name="Default test" time="0.103" errors="0" timestamp="2023-02-12T22:55:28 EST">
  <testcase classname="parallerExcution.AirIndiaTestNG1" name="@BeforeTest launchBrowser" time="-1.676260528345E9">
    <failure type="org.testng.TestNGException" message="
Parameter &amp;apos;browser123&amp;apos; is required by BeforeTest on method launchBrowser but has not been marked @Optional or defined
in C:\Users\DELL\AppData\Local\Temp\testng-eclipse-2012917177\testng-customsuite.xml">
      <![CDATA[org.testng.TestNGException: 
Parameter 'browser123' is required by BeforeTest on method launchBrowser but has not been marked @Optional or defined
in C:\Users\DELL\AppData\Local\Temp\testng-eclipse-2012917177\testng-customsuite.xml
at org.testng.internal.Parameters.createParams(Parameters.java:270)
at org.testng.internal.Parameters.createParametersForMethod(Parameters.java:358)
at org.testng.internal.Parameters.createParameters(Parameters.java:700)
at org.testng.internal.Parameters.createConfigurationParameters(Parameters.java:168)
at org.testng.internal.ConfigInvoker.invokeConfigurations(ConfigInvoker.java:302)
at org.testng.TestRunner.invokeTestConfigurations(TestRunner.java:637)
at org.testng.TestRunner.beforeRun(TestRunner.java:627)
at org.testng.TestRunner.run(TestRunner.java:589)
at org.testng.SuiteRunner.runTest(SuiteRunner.java:377)
at org.testng.SuiteRunner.runSequentially(SuiteRunner.java:371)
at org.testng.SuiteRunner.privateRun(SuiteRunner.java:332)
at org.testng.SuiteRunner.run(SuiteRunner.java:276)
at org.testng.SuiteRunnerWorker.runSuite(SuiteRunnerWorker.java:53)
at org.testng.SuiteRunnerWorker.run(SuiteRunnerWorker.java:96)
at org.testng.TestNG.runSuitesSequentially(TestNG.java:1212)
at org.testng.TestNG.runSuitesLocally(TestNG.java:1134)
at org.testng.TestNG.runSuites(TestNG.java:1063)
at org.testng.TestNG.run(TestNG.java:1031)
at org.testng.remote.AbstractRemoteTestNG.run(AbstractRemoteTestNG.java:115)
at org.testng.remote.RemoteTestNG.initAndRun(RemoteTestNG.java:251)
at org.testng.remote.RemoteTestNG.main(RemoteTestNG.java:77)
]]>
    </failure>
  </testcase> <!-- @BeforeTest launchBrowser -->
  <testcase classname="parallerExcution.AirIndiaTestNG1" name="@BeforeClass creatPOMObject" time="-1.676260528385E9">
    <skipped/>
  </testcase> <!-- @BeforeClass creatPOMObject -->
  <testcase classname="parallerExcution.AirIndiaTestNG1" name="@BeforeMethod beforeMethod" time="-1.676260528401E9">
    <skipped/>
  </testcase> <!-- @BeforeMethod beforeMethod -->
  <testcase classname="parallerExcution.AirIndiaTestNG1" name="@AfterMethod afterMethod" time="-1.676260528409E9">
    <skipped/>
  </testcase> <!-- @AfterMethod afterMethod -->
  <testcase classname="parallerExcution.AirIndiaTestNG1" name="@BeforeMethod beforeMethod" time="-1.676260528414E9">
    <skipped/>
  </testcase> <!-- @BeforeMethod beforeMethod -->
  <testcase classname="parallerExcution.AirIndiaTestNG1" name="@AfterMethod afterMethod" time="-1.676260528419E9">
    <skipped/>
  </testcase> <!-- @AfterMethod afterMethod -->
  <testcase classname="parallerExcution.AirIndiaTestNG1" name="@BeforeMethod beforeMethod" time="-1.676260528422E9">
    <skipped/>
  </testcase> <!-- @BeforeMethod beforeMethod -->
  <testcase classname="parallerExcution.AirIndiaTestNG1" name="@AfterMethod afterMethod" time="-1.676260528429E9">
    <skipped/>
  </testcase> <!-- @AfterMethod afterMethod -->
  <testcase classname="parallerExcution.AirIndiaTestNG1" name="@AfterClass afterClass" time="-1.676260528435E9">
    <skipped/>
  </testcase> <!-- @AfterClass afterClass -->
  <testcase classname="parallerExcution.AirIndiaTestNG1" name="@AfterTest afterTest" time="-1.676260528437E9">
    <skipped/>
  </testcase> <!-- @AfterTest afterTest -->
  <testcase classname="parallerExcution.AirIndiaTestNG1" name="AirIndiaSearchFlight1" time="0.0">
    <skipped/>
  </testcase> <!-- AirIndiaSearchFlight1 -->
  <testcase classname="parallerExcution.AirIndiaTestNG1" name="FlightTimeTableCheck2" time="0.0">
    <skipped/>
  </testcase> <!-- FlightTimeTableCheck2 -->
  <testcase classname="parallerExcution.AirIndiaTestNG1" name="StudentConsessioanaryEligibility3" time="0.0">
    <skipped/>
  </testcase> <!-- StudentConsessioanaryEligibility3 -->
</testsuite> <!-- Default test -->
