<?xml version="1.0" encoding="UTF-8"?>
<!-- Generated by org.testng.reporters.JUnitXMLReporter -->
<testsuite ignored="1" hostname="DESKTOP-0CO46H2" failures="0" tests="1" name="EdgeTest(failed)" time="33.699" errors="0" timestamp="2023-03-24T17:38:29 EDT">
  <testcase classname="parallerExcution.AirIndiaTestNG2" name="AirIndiaExpress5" time="20.327"/>
  <testcase classname="parallerExcution.AirIndiaTestNG2" name="MulticityTravling4" time="0.0">
    <ignored/>
  </testcase> <!-- MulticityTravling4 -->
</testsuite> <!-- EdgeTest(failed) -->
