<?xml version="1.0" encoding="UTF-8"?>
<!-- Generated by org.testng.reporters.JUnitXMLReporter -->
<testsuite ignored="0" hostname="DESKTOP-0CO46H2" failures="0" tests="5" name=" EdgeTest" time="0.246" errors="0" timestamp="2023-02-07T14:13:40 EST">
  <testcase classname="parallerExcution.AirIndiaTestNG1" name="@BeforeTest launchBrowser" time="0.006">
    <failure type="java.lang.IllegalStateException" message="The driver executable does not exist: C:\Users\DELL\Downloads\softwere testing\automation\selenium\edgedriver_win64\edgedriver.exe">
      <![CDATA[java.lang.IllegalStateException: The driver executable does not exist: C:\Users\DELL\Downloads\softwere testing\automation\selenium\edgedriver_win64\edgedriver.exe
at com.google.common.base.Preconditions.checkState(Preconditions.java:585)
at org.openqa.selenium.remote.service.DriverService.checkExecutable(DriverService.java:146)
at org.openqa.selenium.remote.service.DriverService.findExecutable(DriverService.java:141)
at org.openqa.selenium.edge.EdgeDriverService.access$000(EdgeDriverService.java:37)
at org.openqa.selenium.edge.EdgeDriverService$Builder.findDefaultExecutable(EdgeDriverService.java:90)
at org.openqa.selenium.remote.service.DriverService$Builder.build(DriverService.java:355)
at org.openqa.selenium.edge.EdgeDriverService.createDefaultService(EdgeDriverService.java:70)
at org.openqa.selenium.edge.EdgeDriver.<init>(EdgeDriver.java:96)
at base.Browser.openEdgeBrowser(Browser.java:26)
at parallerExcution.AirIndiaTestNG1.launchBrowser(AirIndiaTestNG1.java:48)
at java.base/java.util.concurrent.FutureTask.run(FutureTask.java:264)
at java.base/java.util.concurrent.ThreadPoolExecutor.runWorker(ThreadPoolExecutor.java:1136)
at java.base/java.util.concurrent.ThreadPoolExecutor$Worker.run(ThreadPoolExecutor.java:635)
at java.base/java.lang.Thread.run(Thread.java:833)
... Removed 13 stack frames]]>
    </failure>
  </testcase> <!-- @BeforeTest launchBrowser -->
  <testcase classname="parallerExcution.AirIndiaTestNG2" name="@BeforeTest launchBrowser" time="-1.675797220494E9">
    <skipped/>
  </testcase> <!-- @BeforeTest launchBrowser -->
  <testcase classname="parallerExcution.AirIndiaTestNG1" name="@BeforeClass creatPOMObject" time="-1.675797220499E9">
    <skipped/>
  </testcase> <!-- @BeforeClass creatPOMObject -->
  <testcase classname="parallerExcution.AirIndiaTestNG1" name="@BeforeMethod beforeMethod" time="-1.675797220508E9">
    <skipped/>
  </testcase> <!-- @BeforeMethod beforeMethod -->
  <testcase classname="parallerExcution.AirIndiaTestNG1" name="@AfterMethod afterMethod" time="-1.675797220544E9">
    <skipped/>
  </testcase> <!-- @AfterMethod afterMethod -->
  <testcase classname="parallerExcution.AirIndiaTestNG2" name="@BeforeClass creatPOMObjects" time="-1.675797220547E9">
    <skipped/>
  </testcase> <!-- @BeforeClass creatPOMObjects -->
  <testcase classname="parallerExcution.AirIndiaTestNG2" name="@BeforeMethod beforeMethod" time="-1.67579722055E9">
    <skipped/>
  </testcase> <!-- @BeforeMethod beforeMethod -->
  <testcase classname="parallerExcution.AirIndiaTestNG2" name="@AfterMethod afterMethod" time="-1.675797220574E9">
    <skipped/>
  </testcase> <!-- @AfterMethod afterMethod -->
  <testcase classname="parallerExcution.AirIndiaTestNG2" name="@BeforeMethod beforeMethod" time="-1.675797220577E9">
    <skipped/>
  </testcase> <!-- @BeforeMethod beforeMethod -->
  <testcase classname="parallerExcution.AirIndiaTestNG2" name="@AfterMethod afterMethod" time="-1.6757972206E9">
    <skipped/>
  </testcase> <!-- @AfterMethod afterMethod -->
  <testcase classname="parallerExcution.AirIndiaTestNG2" name="@AfterClass afterClass" time="-1.675797220611E9">
    <skipped/>
  </testcase> <!-- @AfterClass afterClass -->
  <testcase classname="parallerExcution.AirIndiaTestNG1" name="@BeforeMethod beforeMethod" time="-1.675797220615E9">
    <skipped/>
  </testcase> <!-- @BeforeMethod beforeMethod -->
  <testcase classname="parallerExcution.AirIndiaTestNG1" name="@AfterMethod afterMethod" time="-1.675797220623E9">
    <skipped/>
  </testcase> <!-- @AfterMethod afterMethod -->
  <testcase classname="parallerExcution.AirIndiaTestNG1" name="@BeforeMethod beforeMethod" time="-1.675797220637E9">
    <skipped/>
  </testcase> <!-- @BeforeMethod beforeMethod -->
  <testcase classname="parallerExcution.AirIndiaTestNG1" name="@AfterMethod afterMethod" time="-1.675797220643E9">
    <skipped/>
  </testcase> <!-- @AfterMethod afterMethod -->
  <testcase classname="parallerExcution.AirIndiaTestNG1" name="@AfterClass afterClass" time="-1.675797220659E9">
    <skipped/>
  </testcase> <!-- @AfterClass afterClass -->
  <testcase classname="parallerExcution.AirIndiaTestNG1" name="@AfterTest afterTest" time="-1.675797220666E9">
    <skipped/>
  </testcase> <!-- @AfterTest afterTest -->
  <testcase classname="parallerExcution.AirIndiaTestNG2" name="@AfterTest afterTest" time="-1.67579722068E9">
    <skipped/>
  </testcase> <!-- @AfterTest afterTest -->
  <testcase classname="parallerExcution.AirIndiaTestNG1" name="AirIndiaSearchFlight1" time="0.0">
    <skipped/>
  </testcase> <!-- AirIndiaSearchFlight1 -->
  <testcase classname="parallerExcution.AirIndiaTestNG2" name="MulticityTravling4" time="0.0">
    <skipped/>
  </testcase> <!-- MulticityTravling4 -->
  <testcase classname="parallerExcution.AirIndiaTestNG2" name="AirIndiaExpress5" time="0.0">
    <skipped/>
  </testcase> <!-- AirIndiaExpress5 -->
  <testcase classname="parallerExcution.AirIndiaTestNG1" name="FlightTimeTableCheck2" time="0.0">
    <skipped/>
  </testcase> <!-- FlightTimeTableCheck2 -->
  <testcase classname="parallerExcution.AirIndiaTestNG1" name="StudentConsessioanaryEligibility3" time="0.0">
    <skipped/>
  </testcase> <!-- StudentConsessioanaryEligibility3 -->
</testsuite> <!--  EdgeTest -->
