<?xml version="1.0" encoding="UTF-8"?>
<!-- Generated by org.testng.reporters.JUnitXMLReporter -->
<testsuite ignored="0" hostname="DESKTOP-0CO46H2" failures="0" tests="5" name=" FirfoxTest" time="0.256" errors="0" timestamp="2023-01-30T19:02:48 EST">
  <testcase classname="parallerExcution.AirIndiaTestNG1" name="@BeforeTest launchBrowser" time="0.061">
    <failure type="java.lang.IllegalStateException" message="The driver executable does not exist: C:\Users\DELL\Downloads\softwere testing\automation\selenium\edgedriver_win64\edgedriver.exe">
      <![CDATA[java.lang.IllegalStateException: The driver executable does not exist: C:\Users\DELL\Downloads\softwere testing\automation\selenium\edgedriver_win64\edgedriver.exe
at com.google.common.base.Preconditions.checkState(Preconditions.java:585)
at org.openqa.selenium.remote.service.DriverService.checkExecutable(DriverService.java:146)
at org.openqa.selenium.remote.service.DriverService.findExecutable(DriverService.java:141)
at org.openqa.selenium.edge.EdgeDriverService.access$000(EdgeDriverService.java:37)
at org.openqa.selenium.edge.EdgeDriverService$Builder.findDefaultExecutable(EdgeDriverService.java:90)
at org.openqa.selenium.remote.service.DriverService$Builder.build(DriverService.java:355)
at org.openqa.selenium.edge.EdgeDriverService.createDefaultService(EdgeDriverService.java:70)
at org.openqa.selenium.edge.EdgeDriver.<init>(EdgeDriver.java:96)
at parallerExcution.AirIndiaTestNG1.launchBrowser(AirIndiaTestNG1.java:44)
at java.base/java.util.concurrent.FutureTask.run(FutureTask.java:264)
at java.base/java.util.concurrent.ThreadPoolExecutor.runWorker(ThreadPoolExecutor.java:1136)
at java.base/java.util.concurrent.ThreadPoolExecutor$Worker.run(ThreadPoolExecutor.java:635)
at java.base/java.lang.Thread.run(Thread.java:833)
... Removed 13 stack frames]]>
    </failure>
  </testcase> <!-- @BeforeTest launchBrowser -->
  <testcase classname="parallerExcution.AirIndiaTestNG2" name="@BeforeTest launchBrowser" time="-1.675123368462E9">
    <skipped/>
  </testcase> <!-- @BeforeTest launchBrowser -->
  <testcase classname="parallerExcution.AirIndiaTestNG1" name="@BeforeClass creatPOMObject" time="-1.675123368486E9">
    <skipped/>
  </testcase> <!-- @BeforeClass creatPOMObject -->
  <testcase classname="parallerExcution.AirIndiaTestNG1" name="@BeforeMethod beforeMethod" time="-1.675123368505E9">
    <skipped/>
  </testcase> <!-- @BeforeMethod beforeMethod -->
  <testcase classname="parallerExcution.AirIndiaTestNG1" name="@AfterMethod afterMethod" time="-1.675123368516E9">
    <skipped/>
  </testcase> <!-- @AfterMethod afterMethod -->
  <testcase classname="parallerExcution.AirIndiaTestNG2" name="@BeforeClass creatPOMObjects" time="-1.675123368528E9">
    <skipped/>
  </testcase> <!-- @BeforeClass creatPOMObjects -->
  <testcase classname="parallerExcution.AirIndiaTestNG2" name="@BeforeMethod beforeMethod" time="-1.675123368534E9">
    <skipped/>
  </testcase> <!-- @BeforeMethod beforeMethod -->
  <testcase classname="parallerExcution.AirIndiaTestNG2" name="@AfterMethod afterMethod" time="-1.675123368542E9">
    <skipped/>
  </testcase> <!-- @AfterMethod afterMethod -->
  <testcase classname="parallerExcution.AirIndiaTestNG2" name="@BeforeMethod beforeMethod" time="-1.675123368547E9">
    <skipped/>
  </testcase> <!-- @BeforeMethod beforeMethod -->
  <testcase classname="parallerExcution.AirIndiaTestNG2" name="@AfterMethod afterMethod" time="-1.675123368561E9">
    <skipped/>
  </testcase> <!-- @AfterMethod afterMethod -->
  <testcase classname="parallerExcution.AirIndiaTestNG2" name="@AfterClass afterClass" time="-1.675123368571E9">
    <skipped/>
  </testcase> <!-- @AfterClass afterClass -->
  <testcase classname="parallerExcution.AirIndiaTestNG1" name="@BeforeMethod beforeMethod" time="-1.675123368575E9">
    <skipped/>
  </testcase> <!-- @BeforeMethod beforeMethod -->
  <testcase classname="parallerExcution.AirIndiaTestNG1" name="@AfterMethod afterMethod" time="-1.675123368588E9">
    <skipped/>
  </testcase> <!-- @AfterMethod afterMethod -->
  <testcase classname="parallerExcution.AirIndiaTestNG1" name="@BeforeMethod beforeMethod" time="-1.675123368595E9">
    <skipped/>
  </testcase> <!-- @BeforeMethod beforeMethod -->
  <testcase classname="parallerExcution.AirIndiaTestNG1" name="@AfterMethod afterMethod" time="-1.675123368606E9">
    <skipped/>
  </testcase> <!-- @AfterMethod afterMethod -->
  <testcase classname="parallerExcution.AirIndiaTestNG1" name="@AfterClass afterClass" time="-1.675123368609E9">
    <skipped/>
  </testcase> <!-- @AfterClass afterClass -->
  <testcase classname="parallerExcution.AirIndiaTestNG1" name="@AfterTest afterTest" time="-1.675123368615E9">
    <skipped/>
  </testcase> <!-- @AfterTest afterTest -->
  <testcase classname="parallerExcution.AirIndiaTestNG2" name="@AfterTest afterTest" time="-1.675123368617E9">
    <skipped/>
  </testcase> <!-- @AfterTest afterTest -->
  <testcase classname="parallerExcution.AirIndiaTestNG1" name="AirIndiaSearchFlight1" time="0.0">
    <skipped/>
  </testcase> <!-- AirIndiaSearchFlight1 -->
  <testcase classname="parallerExcution.AirIndiaTestNG2" name="MulticityTravling4" time="0.0">
    <skipped/>
  </testcase> <!-- MulticityTravling4 -->
  <testcase classname="parallerExcution.AirIndiaTestNG2" name="AirIndiaExpress5" time="0.0">
    <skipped/>
  </testcase> <!-- AirIndiaExpress5 -->
  <testcase classname="parallerExcution.AirIndiaTestNG1" name="FlightTimeTableCheck2" time="0.0">
    <skipped/>
  </testcase> <!-- FlightTimeTableCheck2 -->
  <testcase classname="parallerExcution.AirIndiaTestNG1" name="StudentConsessioanaryEligibility3" time="0.0">
    <skipped/>
  </testcase> <!-- StudentConsessioanaryEligibility3 -->
</testsuite> <!--  FirfoxTest -->
