<?xml version="1.0" encoding="UTF-8"?>
<!-- Generated by org.testng.reporters.JUnitXMLReporter -->
<testsuite ignored="0" hostname="DESKTOP-0CO46H2" failures="0" tests="5" name="ChromeTest" time="141.262" errors="0" timestamp="2023-02-16T15:19:26 EST">
  <testcase classname="parallerExcution.AirIndiaTestNG1" name="AirIndiaSearchFlight1" time="12.253"/>
  <testcase classname="parallerExcution.AirIndiaTestNG2" name="MulticityTravling4" time="38.711"/>
  <testcase classname="parallerExcution.AirIndiaTestNG2" name="AirIndiaExpress5" time="30.542"/>
  <testcase classname="parallerExcution.AirIndiaTestNG1" name="FlightTimeTableCheck2" time="10.234"/>
  <testcase classname="parallerExcution.AirIndiaTestNG1" name="StudentConsessioanaryEligibility3" time="11.403"/>
</testsuite> <!-- ChromeTest -->
