<?xml version="1.0" encoding="UTF-8"?>
<!-- Generated by org.testng.reporters.JUnitXMLReporter -->
<testsuite ignored="0" hostname="DESKTOP-0CO46H2" failures="0" tests="5" name="EdgeTest" time="488.932" errors="0" timestamp="2023-02-12T23:48:13 EST">
  <testcase classname="parallerExcution.AirIndiaTestNG1" name="AirIndiaSearchFlight1" time="7.004"/>
  <testcase classname="parallerExcution.AirIndiaTestNG2" name="MulticityTravling4" time="15.079"/>
  <testcase classname="parallerExcution.AirIndiaTestNG2" name="AirIndiaExpress5" time="331.159"/>
  <testcase classname="parallerExcution.AirIndiaTestNG1" name="FlightTimeTableCheck2" time="4.918"/>
  <testcase classname="parallerExcution.AirIndiaTestNG1" name="StudentConsessioanaryEligibility3" time="8.952"/>
</testsuite> <!-- EdgeTest -->
