<?xml version="1.0" encoding="UTF-8"?>
<!-- Generated by org.testng.reporters.JUnitXMLReporter -->
<testsuite ignored="0" hostname="DESKTOP-0CO46H2" failures="0" tests="5" name="Test" time="369.914" errors="0" timestamp="2023-01-30T17:53:32 EST">
  <testcase classname="parallerExcution.AirIndiaTestNG1" name="AirIndiaSearchFlight1" time="1.755"/>
  <testcase classname="parallerExcution.AirIndiaTestNG1" name="FlightTimeTableCheck2" time="15.19"/>
  <testcase classname="parallerExcution.AirIndiaTestNG1" name="StudentConsessioanaryEligibility3" time="14.395"/>
  <testcase classname="parallerExcution.AirIndiaTestNG2" name="MulticityTravling4" time="8.872"/>
  <testcase classname="parallerExcution.AirIndiaTestNG2" name="AirIndiaExpress5" time="244.034"/>
</testsuite> <!-- Test -->
